#
# There is insufficient memory for the Java Runtime Environment to continue.
# Native memory allocation (malloc) failed to allocate 158576 bytes for Chunk::new
# Possible reasons:
#   The system is out of physical RAM or swap space
#   The process is running with CompressedOops enabled, and the Java Heap may be blocking the growth of the native heap
# Possible solutions:
#   Reduce memory load on the system
#   Increase physical memory or swap space
#   Check if swap backing store is full
#   Decrease Java heap size (-Xmx/-Xms)
#   Decrease number of Java threads
#   Decrease Java thread stack sizes (-Xss)
#   Set larger code cache with -XX:ReservedCodeCacheSize=
#   JVM is running with Unscaled Compressed Oops mode in which the Java heap is
#     placed in the first 4GB address space. The Java Heap base address is the
#     maximum limit for the native heap growth. Please use -XX:HeapBaseMinAddress
#     to set the Java Heap base and to place the Java Heap above 4GB virtual address.
# This output file may be truncated or incomplete.
#
#  Out of Memory Error (arena.cpp:184), pid=8848, tid=8176
#
# JRE version: Java(TM) SE Runtime Environment (20.0.1+9) (build 20.0.1+9-29)
# Java VM: Java HotSpot(TM) 64-Bit Server VM (20.0.1+9-29, mixed mode, sharing, tiered, compressed oops, compressed class ptrs, g1 gc, windows-amd64)
# No core dump will be written. Minidumps are not enabled by default on client versions of Windows
#

---------------  S U M M A R Y ------------

Command Line: -Dfile.encoding=UTF-8 -Djava.security.policy=applet.policy --module-path=C:\Users\James\Documents\NetBeansProjects\JavaApplication1\build\classes javaapplication1.MenuBank

Host: AMD Ryzen 3 PRO 4350G with Radeon Graphics, 8 cores, 7G,  Windows 10 , 64 bit Build 19041 (10.0.19041.2364)
Time: Wed Dec 13 23:02:06 2023 China Standard Time elapsed time: 0.079276 seconds (0d 0h 0m 0s)

---------------  T H R E A D  ---------------

Current thread (0x000002a8225d0790):  JavaThread "C2 CompilerThread0" daemon [_thread_in_native, id=8176, stack(0x000000f2cdc00000,0x000000f2cdd00000)]


Current CompileTask:
C2:     79  154       4       java.util.HashMap::putVal (300 bytes)

Stack: [0x000000f2cdc00000,0x000000f2cdd00000]
Native frames: (J=compiled Java code, j=interpreted, Vv=VM code, C=native code)
V  [jvm.dll+0x6bb95a]
V  [jvm.dll+0x8485fa]
V  [jvm.dll+0x84a1f5]
V  [jvm.dll+0x84a8f3]
V  [jvm.dll+0x280b0f]
V  [jvm.dll+0xc2b11]
V  [jvm.dll+0xc2e35]
V  [jvm.dll+0x3bb142]
V  [jvm.dll+0x3857f5]
V  [jvm.dll+0x384c6a]
V  [jvm.dll+0x24b259]
V  [jvm.dll+0x24a651]
V  [jvm.dll+0x1ce491]
V  [jvm.dll+0x259e1b]
V  [jvm.dll+0x2584f0]
V  [jvm.dll+0x3f2895]
V  [jvm.dll+0x7f4b56]
V  [jvm.dll+0x6ba5cb]
C  [ucrtbase.dll+0x21bb2]
C  [KERNEL32.DLL+0x17614]
C  [ntdll.dll+0x526a1]


---------------  P R O C E S S  ---------------

Threads class SMR info:
_java_thread_list=0x000002a8268ddd70, length=11, elements={
0x000002a805ec89c0, 0x000002a8225b8210, 0x000002a8225bce20, 0x000002a8225c0fc0,
0x000002a8225bfa80, 0x000002a8225c1510, 0x000002a8225c1fb0, 0x000002a8225d0790,
0x000002a8225d9120, 0x000002a8225c2fa0, 0x000002a8225c2500
}

Java Threads: ( => current thread )
  0x000002a805ec89c0 JavaThread "main" [_thread_in_vm, id=9396, stack(0x000000f2ccf00000,0x000000f2cd000000)]
  0x000002a8225b8210 JavaThread "Reference Handler" daemon [_thread_blocked, id=16380, stack(0x000000f2cd600000,0x000000f2cd700000)]
  0x000002a8225bce20 JavaThread "Finalizer" daemon [_thread_blocked, id=6480, stack(0x000000f2cd700000,0x000000f2cd800000)]
  0x000002a8225c0fc0 JavaThread "Signal Dispatcher" daemon [_thread_blocked, id=16412, stack(0x000000f2cd800000,0x000000f2cd900000)]
  0x000002a8225bfa80 JavaThread "Attach Listener" daemon [_thread_blocked, id=11468, stack(0x000000f2cd900000,0x000000f2cda00000)]
  0x000002a8225c1510 JavaThread "Service Thread" daemon [_thread_blocked, id=17372, stack(0x000000f2cda00000,0x000000f2cdb00000)]
  0x000002a8225c1fb0 JavaThread "Monitor Deflation Thread" daemon [_thread_blocked, id=10208, stack(0x000000f2cdb00000,0x000000f2cdc00000)]
=>0x000002a8225d0790 JavaThread "C2 CompilerThread0" daemon [_thread_in_native, id=8176, stack(0x000000f2cdc00000,0x000000f2cdd00000)]
  0x000002a8225d9120 JavaThread "C1 CompilerThread0" daemon [_thread_blocked, id=6812, stack(0x000000f2cdd00000,0x000000f2cde00000)]
  0x000002a8225c2fa0 JavaThread "Common-Cleaner" daemon [_thread_blocked, id=14060, stack(0x000000f2cde00000,0x000000f2cdf00000)]
  0x000002a8225c2500 JavaThread "Notification Thread" daemon [_thread_blocked, id=9808, stack(0x000000f2cdf00000,0x000000f2ce000000)]

Other Threads:
  0x000002a82259aac0 VMThread "VM Thread" [stack: 0x000000f2cd500000,0x000000f2cd600000] [id=5308]
  0x000002a8269470e0 WatcherThread "VM Periodic Task Thread" [stack: 0x000000f2ce000000,0x000000f2ce100000] [id=11708]
  0x000002a805f25410 WorkerThread "GC Thread#0" [stack: 0x000000f2cd000000,0x000000f2cd100000] [id=15736]
  0x000002a805f36190 ConcurrentGCThread "G1 Main Marker" [stack: 0x000000f2cd100000,0x000000f2cd200000] [id=9928]
  0x000002a805f36bc0 WorkerThread "G1 Conc#0" [stack: 0x000000f2cd200000,0x000000f2cd300000] [id=15584]
  0x000002a8224580e0 ConcurrentGCThread "G1 Refine#0" [stack: 0x000000f2cd300000,0x000000f2cd400000] [id=14272]
  0x000002a822458a90 ConcurrentGCThread "G1 Service" [stack: 0x000000f2cd400000,0x000000f2cd500000] [id=14756]

Threads with active compile tasks:
C2 CompilerThread0       89  154       4       java.util.HashMap::putVal (300 bytes)

VM state: not at safepoint (normal execution)

VM Mutex/Monitor currently owned by a thread:  ([mutex/lock_event])
[0x000002a805ec2480] Metaspace_lock - owner thread: 0x000002a805ec89c0

Heap address: 0x0000000089a00000, size: 1894 MB, Compressed Oops mode: 32-bit

CDS archive(s) mapped at: [0x0000000800000000-0x0000000800c60000-0x0000000800c60000), size 12976128, SharedBaseAddress: 0x0000000800000000, ArchiveRelocationMode: 0.
Compressed class space mapped at: 0x0000000801000000-0x0000000841000000, reserved size: 1073741824
Narrow klass base: 0x0000000800000000, Narrow klass shift: 0, Narrow klass range: 0x100000000

GC Precious Log:
 CardTable entry size: 512
 Card Set container configuration: InlinePtr #cards 5 size 8 Array Of Cards #cards 12 size 40 Howl #buckets 4 coarsen threshold 1843 Howl Bitmap #cards 512 size 80 coarsen threshold 460 Card regions per heap region 1 cards per card region 2048
 CPUs: 8 total, 8 available
 Memory: 7569M
 Large Page Support: Disabled
 NUMA Support: Disabled
 Compressed Oops: Enabled (32-bit)
 Heap Region Size: 1M
 Heap Min Capacity: 8M
 Heap Initial Capacity: 120M
 Heap Max Capacity: 1894M
 Pre-touch: Disabled
 Parallel Workers: 8
 Concurrent Workers: 2
 Concurrent Refinement Workers: 8
 Periodic GC: Disabled

Heap:
 garbage-first heap   total 122880K, used 2048K [0x0000000089a00000, 0x0000000100000000)
  region size 1024K, 3 young (3072K), 0 survivors (0K)
 Metaspace       used 766K, committed 896K, reserved 1114112K
  class space    used 49K, committed 128K, reserved 1048576K

Heap Regions: E=young(eden), S=young(survivor), O=old, HS=humongous(starts), HC=humongous(continues), CS=collection set, F=free, OA=open archive, CA=closed archive, TAMS=top-at-mark-start, PB=parsable bottom
|   0|0x0000000089a00000, 0x0000000089a00000, 0x0000000089b00000|  0%| F|  |TAMS 0x0000000089a00000| PB 0x0000000089a00000| Untracked 
|   1|0x0000000089b00000, 0x0000000089b00000, 0x0000000089c00000|  0%| F|  |TAMS 0x0000000089b00000| PB 0x0000000089b00000| Untracked 
|   2|0x0000000089c00000, 0x0000000089c00000, 0x0000000089d00000|  0%| F|  |TAMS 0x0000000089c00000| PB 0x0000000089c00000| Untracked 
|   3|0x0000000089d00000, 0x0000000089d00000, 0x0000000089e00000|  0%| F|  |TAMS 0x0000000089d00000| PB 0x0000000089d00000| Untracked 
|   4|0x0000000089e00000, 0x0000000089e00000, 0x0000000089f00000|  0%| F|  |TAMS 0x0000000089e00000| PB 0x0000000089e00000| Untracked 
|   5|0x0000000089f00000, 0x0000000089f00000, 0x000000008a000000|  0%| F|  |TAMS 0x0000000089f00000| PB 0x0000000089f00000| Untracked 
|   6|0x000000008a000000, 0x000000008a000000, 0x000000008a100000|  0%| F|  |TAMS 0x000000008a000000| PB 0x000000008a000000| Untracked 
|   7|0x000000008a100000, 0x000000008a100000, 0x000000008a200000|  0%| F|  |TAMS 0x000000008a100000| PB 0x000000008a100000| Untracked 
|   8|0x000000008a200000, 0x000000008a200000, 0x000000008a300000|  0%| F|  |TAMS 0x000000008a200000| PB 0x000000008a200000| Untracked 
|   9|0x000000008a300000, 0x000000008a300000, 0x000000008a400000|  0%| F|  |TAMS 0x000000008a300000| PB 0x000000008a300000| Untracked 
|  10|0x000000008a400000, 0x000000008a400000, 0x000000008a500000|  0%| F|  |TAMS 0x000000008a400000| PB 0x000000008a400000| Untracked 
|  11|0x000000008a500000, 0x000000008a500000, 0x000000008a600000|  0%| F|  |TAMS 0x000000008a500000| PB 0x000000008a500000| Untracked 
|  12|0x000000008a600000, 0x000000008a600000, 0x000000008a700000|  0%| F|  |TAMS 0x000000008a600000| PB 0x000000008a600000| Untracked 
|  13|0x000000008a700000, 0x000000008a700000, 0x000000008a800000|  0%| F|  |TAMS 0x000000008a700000| PB 0x000000008a700000| Untracked 
|  14|0x000000008a800000, 0x000000008a800000, 0x000000008a900000|  0%| F|  |TAMS 0x000000008a800000| PB 0x000000008a800000| Untracked 
|  15|0x000000008a900000, 0x000000008a900000, 0x000000008aa00000|  0%| F|  |TAMS 0x000000008a900000| PB 0x000000008a900000| Untracked 
|  16|0x000000008aa00000, 0x000000008aa00000, 0x000000008ab00000|  0%| F|  |TAMS 0x000000008aa00000| PB 0x000000008aa00000| Untracked 
|  17|0x000000008ab00000, 0x000000008ab00000, 0x000000008ac00000|  0%| F|  |TAMS 0x000000008ab00000| PB 0x000000008ab00000| Untracked 
|  18|0x000000008ac00000, 0x000000008ac00000, 0x000000008ad00000|  0%| F|  |TAMS 0x000000008ac00000| PB 0x000000008ac00000| Untracked 
|  19|0x000000008ad00000, 0x000000008ad00000, 0x000000008ae00000|  0%| F|  |TAMS 0x000000008ad00000| PB 0x000000008ad00000| Untracked 
|  20|0x000000008ae00000, 0x000000008ae00000, 0x000000008af00000|  0%| F|  |TAMS 0x000000008ae00000| PB 0x000000008ae00000| Untracked 
|  21|0x000000008af00000, 0x000000008af00000, 0x000000008b000000|  0%| F|  |TAMS 0x000000008af00000| PB 0x000000008af00000| Untracked 
|  22|0x000000008b000000, 0x000000008b000000, 0x000000008b100000|  0%| F|  |TAMS 0x000000008b000000| PB 0x000000008b000000| Untracked 
|  23|0x000000008b100000, 0x000000008b100000, 0x000000008b200000|  0%| F|  |TAMS 0x000000008b100000| PB 0x000000008b100000| Untracked 
|  24|0x000000008b200000, 0x000000008b200000, 0x000000008b300000|  0%| F|  |TAMS 0x000000008b200000| PB 0x000000008b200000| Untracked 
|  25|0x000000008b300000, 0x000000008b300000, 0x000000008b400000|  0%| F|  |TAMS 0x000000008b300000| PB 0x000000008b300000| Untracked 
|  26|0x000000008b400000, 0x000000008b400000, 0x000000008b500000|  0%| F|  |TAMS 0x000000008b400000| PB 0x000000008b400000| Untracked 
|  27|0x000000008b500000, 0x000000008b500000, 0x000000008b600000|  0%| F|  |TAMS 0x000000008b500000| PB 0x000000008b500000| Untracked 
|  28|0x000000008b600000, 0x000000008b600000, 0x000000008b700000|  0%| F|  |TAMS 0x000000008b600000| PB 0x000000008b600000| Untracked 
|  29|0x000000008b700000, 0x000000008b700000, 0x000000008b800000|  0%| F|  |TAMS 0x000000008b700000| PB 0x000000008b700000| Untracked 
|  30|0x000000008b800000, 0x000000008b800000, 0x000000008b900000|  0%| F|  |TAMS 0x000000008b800000| PB 0x000000008b800000| Untracked 
|  31|0x000000008b900000, 0x000000008b900000, 0x000000008ba00000|  0%| F|  |TAMS 0x000000008b900000| PB 0x000000008b900000| Untracked 
|  32|0x000000008ba00000, 0x000000008ba00000, 0x000000008bb00000|  0%| F|  |TAMS 0x000000008ba00000| PB 0x000000008ba00000| Untracked 
|  33|0x000000008bb00000, 0x000000008bb00000, 0x000000008bc00000|  0%| F|  |TAMS 0x000000008bb00000| PB 0x000000008bb00000| Untracked 
|  34|0x000000008bc00000, 0x000000008bc00000, 0x000000008bd00000|  0%| F|  |TAMS 0x000000008bc00000| PB 0x000000008bc00000| Untracked 
|  35|0x000000008bd00000, 0x000000008bd00000, 0x000000008be00000|  0%| F|  |TAMS 0x000000008bd00000| PB 0x000000008bd00000| Untracked 
|  36|0x000000008be00000, 0x000000008be00000, 0x000000008bf00000|  0%| F|  |TAMS 0x000000008be00000| PB 0x000000008be00000| Untracked 
|  37|0x000000008bf00000, 0x000000008bf00000, 0x000000008c000000|  0%| F|  |TAMS 0x000000008bf00000| PB 0x000000008bf00000| Untracked 
|  38|0x000000008c000000, 0x000000008c000000, 0x000000008c100000|  0%| F|  |TAMS 0x000000008c000000| PB 0x000000008c000000| Untracked 
|  39|0x000000008c100000, 0x000000008c100000, 0x000000008c200000|  0%| F|  |TAMS 0x000000008c100000| PB 0x000000008c100000| Untracked 
|  40|0x000000008c200000, 0x000000008c200000, 0x000000008c300000|  0%| F|  |TAMS 0x000000008c200000| PB 0x000000008c200000| Untracked 
|  41|0x000000008c300000, 0x000000008c300000, 0x000000008c400000|  0%| F|  |TAMS 0x000000008c300000| PB 0x000000008c300000| Untracked 
|  42|0x000000008c400000, 0x000000008c400000, 0x000000008c500000|  0%| F|  |TAMS 0x000000008c400000| PB 0x000000008c400000| Untracked 
|  43|0x000000008c500000, 0x000000008c500000, 0x000000008c600000|  0%| F|  |TAMS 0x000000008c500000| PB 0x000000008c500000| Untracked 
|  44|0x000000008c600000, 0x000000008c600000, 0x000000008c700000|  0%| F|  |TAMS 0x000000008c600000| PB 0x000000008c600000| Untracked 
|  45|0x000000008c700000, 0x000000008c700000, 0x000000008c800000|  0%| F|  |TAMS 0x000000008c700000| PB 0x000000008c700000| Untracked 
|  46|0x000000008c800000, 0x000000008c800000, 0x000000008c900000|  0%| F|  |TAMS 0x000000008c800000| PB 0x000000008c800000| Untracked 
|  47|0x000000008c900000, 0x000000008c900000, 0x000000008ca00000|  0%| F|  |TAMS 0x000000008c900000| PB 0x000000008c900000| Untracked 
|  48|0x000000008ca00000, 0x000000008ca00000, 0x000000008cb00000|  0%| F|  |TAMS 0x000000008ca00000| PB 0x000000008ca00000| Untracked 
|  49|0x000000008cb00000, 0x000000008cb00000, 0x000000008cc00000|  0%| F|  |TAMS 0x000000008cb00000| PB 0x000000008cb00000| Untracked 
|  50|0x000000008cc00000, 0x000000008cc00000, 0x000000008cd00000|  0%| F|  |TAMS 0x000000008cc00000| PB 0x000000008cc00000| Untracked 
|  51|0x000000008cd00000, 0x000000008cd00000, 0x000000008ce00000|  0%| F|  |TAMS 0x000000008cd00000| PB 0x000000008cd00000| Untracked 
|  52|0x000000008ce00000, 0x000000008ce00000, 0x000000008cf00000|  0%| F|  |TAMS 0x000000008ce00000| PB 0x000000008ce00000| Untracked 
|  53|0x000000008cf00000, 0x000000008cf00000, 0x000000008d000000|  0%| F|  |TAMS 0x000000008cf00000| PB 0x000000008cf00000| Untracked 
|  54|0x000000008d000000, 0x000000008d000000, 0x000000008d100000|  0%| F|  |TAMS 0x000000008d000000| PB 0x000000008d000000| Untracked 
|  55|0x000000008d100000, 0x000000008d100000, 0x000000008d200000|  0%| F|  |TAMS 0x000000008d100000| PB 0x000000008d100000| Untracked 
|  56|0x000000008d200000, 0x000000008d200000, 0x000000008d300000|  0%| F|  |TAMS 0x000000008d200000| PB 0x000000008d200000| Untracked 
|  57|0x000000008d300000, 0x000000008d300000, 0x000000008d400000|  0%| F|  |TAMS 0x000000008d300000| PB 0x000000008d300000| Untracked 
|  58|0x000000008d400000, 0x000000008d400000, 0x000000008d500000|  0%| F|  |TAMS 0x000000008d400000| PB 0x000000008d400000| Untracked 
|  59|0x000000008d500000, 0x000000008d500000, 0x000000008d600000|  0%| F|  |TAMS 0x000000008d500000| PB 0x000000008d500000| Untracked 
|  60|0x000000008d600000, 0x000000008d600000, 0x000000008d700000|  0%| F|  |TAMS 0x000000008d600000| PB 0x000000008d600000| Untracked 
|  61|0x000000008d700000, 0x000000008d700000, 0x000000008d800000|  0%| F|  |TAMS 0x000000008d700000| PB 0x000000008d700000| Untracked 
|  62|0x000000008d800000, 0x000000008d800000, 0x000000008d900000|  0%| F|  |TAMS 0x000000008d800000| PB 0x000000008d800000| Untracked 
|  63|0x000000008d900000, 0x000000008d900000, 0x000000008da00000|  0%| F|  |TAMS 0x000000008d900000| PB 0x000000008d900000| Untracked 
|  64|0x000000008da00000, 0x000000008da00000, 0x000000008db00000|  0%| F|  |TAMS 0x000000008da00000| PB 0x000000008da00000| Untracked 
|  65|0x000000008db00000, 0x000000008db00000, 0x000000008dc00000|  0%| F|  |TAMS 0x000000008db00000| PB 0x000000008db00000| Untracked 
|  66|0x000000008dc00000, 0x000000008dc00000, 0x000000008dd00000|  0%| F|  |TAMS 0x000000008dc00000| PB 0x000000008dc00000| Untracked 
|  67|0x000000008dd00000, 0x000000008dd00000, 0x000000008de00000|  0%| F|  |TAMS 0x000000008dd00000| PB 0x000000008dd00000| Untracked 
|  68|0x000000008de00000, 0x000000008de00000, 0x000000008df00000|  0%| F|  |TAMS 0x000000008de00000| PB 0x000000008de00000| Untracked 
|  69|0x000000008df00000, 0x000000008df00000, 0x000000008e000000|  0%| F|  |TAMS 0x000000008df00000| PB 0x000000008df00000| Untracked 
|  70|0x000000008e000000, 0x000000008e000000, 0x000000008e100000|  0%| F|  |TAMS 0x000000008e000000| PB 0x000000008e000000| Untracked 
|  71|0x000000008e100000, 0x000000008e100000, 0x000000008e200000|  0%| F|  |TAMS 0x000000008e100000| PB 0x000000008e100000| Untracked 
|  72|0x000000008e200000, 0x000000008e200000, 0x000000008e300000|  0%| F|  |TAMS 0x000000008e200000| PB 0x000000008e200000| Untracked 
|  73|0x000000008e300000, 0x000000008e300000, 0x000000008e400000|  0%| F|  |TAMS 0x000000008e300000| PB 0x000000008e300000| Untracked 
|  74|0x000000008e400000, 0x000000008e400000, 0x000000008e500000|  0%| F|  |TAMS 0x000000008e400000| PB 0x000000008e400000| Untracked 
|  75|0x000000008e500000, 0x000000008e500000, 0x000000008e600000|  0%| F|  |TAMS 0x000000008e500000| PB 0x000000008e500000| Untracked 
|  76|0x000000008e600000, 0x000000008e600000, 0x000000008e700000|  0%| F|  |TAMS 0x000000008e600000| PB 0x000000008e600000| Untracked 
|  77|0x000000008e700000, 0x000000008e700000, 0x000000008e800000|  0%| F|  |TAMS 0x000000008e700000| PB 0x000000008e700000| Untracked 
|  78|0x000000008e800000, 0x000000008e800000, 0x000000008e900000|  0%| F|  |TAMS 0x000000008e800000| PB 0x000000008e800000| Untracked 
|  79|0x000000008e900000, 0x000000008e900000, 0x000000008ea00000|  0%| F|  |TAMS 0x000000008e900000| PB 0x000000008e900000| Untracked 
|  80|0x000000008ea00000, 0x000000008ea00000, 0x000000008eb00000|  0%| F|  |TAMS 0x000000008ea00000| PB 0x000000008ea00000| Untracked 
|  81|0x000000008eb00000, 0x000000008eb00000, 0x000000008ec00000|  0%| F|  |TAMS 0x000000008eb00000| PB 0x000000008eb00000| Untracked 
|  82|0x000000008ec00000, 0x000000008ec00000, 0x000000008ed00000|  0%| F|  |TAMS 0x000000008ec00000| PB 0x000000008ec00000| Untracked 
|  83|0x000000008ed00000, 0x000000008ed00000, 0x000000008ee00000|  0%| F|  |TAMS 0x000000008ed00000| PB 0x000000008ed00000| Untracked 
|  84|0x000000008ee00000, 0x000000008ee00000, 0x000000008ef00000|  0%| F|  |TAMS 0x000000008ee00000| PB 0x000000008ee00000| Untracked 
|  85|0x000000008ef00000, 0x000000008ef00000, 0x000000008f000000|  0%| F|  |TAMS 0x000000008ef00000| PB 0x000000008ef00000| Untracked 
|  86|0x000000008f000000, 0x000000008f000000, 0x000000008f100000|  0%| F|  |TAMS 0x000000008f000000| PB 0x000000008f000000| Untracked 
|  87|0x000000008f100000, 0x000000008f100000, 0x000000008f200000|  0%| F|  |TAMS 0x000000008f100000| PB 0x000000008f100000| Untracked 
|  88|0x000000008f200000, 0x000000008f200000, 0x000000008f300000|  0%| F|  |TAMS 0x000000008f200000| PB 0x000000008f200000| Untracked 
|  89|0x000000008f300000, 0x000000008f300000, 0x000000008f400000|  0%| F|  |TAMS 0x000000008f300000| PB 0x000000008f300000| Untracked 
|  90|0x000000008f400000, 0x000000008f400000, 0x000000008f500000|  0%| F|  |TAMS 0x000000008f400000| PB 0x000000008f400000| Untracked 
|  91|0x000000008f500000, 0x000000008f500000, 0x000000008f600000|  0%| F|  |TAMS 0x000000008f500000| PB 0x000000008f500000| Untracked 
|  92|0x000000008f600000, 0x000000008f600000, 0x000000008f700000|  0%| F|  |TAMS 0x000000008f600000| PB 0x000000008f600000| Untracked 
|  93|0x000000008f700000, 0x000000008f700000, 0x000000008f800000|  0%| F|  |TAMS 0x000000008f700000| PB 0x000000008f700000| Untracked 
|  94|0x000000008f800000, 0x000000008f800000, 0x000000008f900000|  0%| F|  |TAMS 0x000000008f800000| PB 0x000000008f800000| Untracked 
|  95|0x000000008f900000, 0x000000008f900000, 0x000000008fa00000|  0%| F|  |TAMS 0x000000008f900000| PB 0x000000008f900000| Untracked 
|  96|0x000000008fa00000, 0x000000008fa00000, 0x000000008fb00000|  0%| F|  |TAMS 0x000000008fa00000| PB 0x000000008fa00000| Untracked 
|  97|0x000000008fb00000, 0x000000008fb00000, 0x000000008fc00000|  0%| F|  |TAMS 0x000000008fb00000| PB 0x000000008fb00000| Untracked 
|  98|0x000000008fc00000, 0x000000008fc00000, 0x000000008fd00000|  0%| F|  |TAMS 0x000000008fc00000| PB 0x000000008fc00000| Untracked 
|  99|0x000000008fd00000, 0x000000008fd00000, 0x000000008fe00000|  0%| F|  |TAMS 0x000000008fd00000| PB 0x000000008fd00000| Untracked 
| 100|0x000000008fe00000, 0x000000008fe00000, 0x000000008ff00000|  0%| F|  |TAMS 0x000000008fe00000| PB 0x000000008fe00000| Untracked 
| 101|0x000000008ff00000, 0x000000008ff00000, 0x0000000090000000|  0%| F|  |TAMS 0x000000008ff00000| PB 0x000000008ff00000| Untracked 
| 102|0x0000000090000000, 0x0000000090000000, 0x0000000090100000|  0%| F|  |TAMS 0x0000000090000000| PB 0x0000000090000000| Untracked 
| 103|0x0000000090100000, 0x0000000090100000, 0x0000000090200000|  0%| F|  |TAMS 0x0000000090100000| PB 0x0000000090100000| Untracked 
| 104|0x0000000090200000, 0x0000000090200000, 0x0000000090300000|  0%| F|  |TAMS 0x0000000090200000| PB 0x0000000090200000| Untracked 
| 105|0x0000000090300000, 0x0000000090300000, 0x0000000090400000|  0%| F|  |TAMS 0x0000000090300000| PB 0x0000000090300000| Untracked 
| 106|0x0000000090400000, 0x0000000090400000, 0x0000000090500000|  0%| F|  |TAMS 0x0000000090400000| PB 0x0000000090400000| Untracked 
| 107|0x0000000090500000, 0x0000000090500000, 0x0000000090600000|  0%| F|  |TAMS 0x0000000090500000| PB 0x0000000090500000| Untracked 
| 108|0x0000000090600000, 0x0000000090600000, 0x0000000090700000|  0%| F|  |TAMS 0x0000000090600000| PB 0x0000000090600000| Untracked 
| 109|0x0000000090700000, 0x0000000090700000, 0x0000000090800000|  0%| F|  |TAMS 0x0000000090700000| PB 0x0000000090700000| Untracked 
| 110|0x0000000090800000, 0x0000000090800000, 0x0000000090900000|  0%| F|  |TAMS 0x0000000090800000| PB 0x0000000090800000| Untracked 
| 111|0x0000000090900000, 0x0000000090900000, 0x0000000090a00000|  0%| F|  |TAMS 0x0000000090900000| PB 0x0000000090900000| Untracked 
| 112|0x0000000090a00000, 0x0000000090a00000, 0x0000000090b00000|  0%| F|  |TAMS 0x0000000090a00000| PB 0x0000000090a00000| Untracked 
| 113|0x0000000090b00000, 0x0000000090b00000, 0x0000000090c00000|  0%| F|  |TAMS 0x0000000090b00000| PB 0x0000000090b00000| Untracked 
| 114|0x0000000090c00000, 0x0000000090c00000, 0x0000000090d00000|  0%| F|  |TAMS 0x0000000090c00000| PB 0x0000000090c00000| Untracked 
| 115|0x0000000090d00000, 0x0000000090d00000, 0x0000000090e00000|  0%| F|  |TAMS 0x0000000090d00000| PB 0x0000000090d00000| Untracked 
| 116|0x0000000090e00000, 0x0000000090e00000, 0x0000000090f00000|  0%| F|  |TAMS 0x0000000090e00000| PB 0x0000000090e00000| Untracked 
| 117|0x0000000090f00000, 0x0000000090f76448, 0x0000000091000000| 46%| E|  |TAMS 0x0000000090f00000| PB 0x0000000090f00000| Complete 
| 118|0x0000000091000000, 0x0000000091100000, 0x0000000091100000|100%| E|CS|TAMS 0x0000000091000000| PB 0x0000000091000000| Complete 
| 119|0x0000000091100000, 0x0000000091200000, 0x0000000091200000|100%| E|CS|TAMS 0x0000000091100000| PB 0x0000000091100000| Complete 

Card table byte_map: [0x000002a81d680000,0x000002a81da40000] _byte_map_base: 0x000002a81d233000

Marking Bits: (CMBitMap*) 0x000002a805f26a50
 Bits: [0x000002a81de00000, 0x000002a81fb98000)

Polling page: 0x000002a8056a0000

Metaspace:

Usage:
  Non-class:    717.05 KB used.
      Class:     49.80 KB used.
       Both:    766.85 KB used.

Virtual space:
  Non-class space:       64.00 MB reserved,     768.00 KB (  1%) committed,  1 nodes.
      Class space:        1.00 GB reserved,     128.00 KB ( <1%) committed,  1 nodes.
             Both:        1.06 GB reserved,     896.00 KB ( <1%) committed. 

Chunk freelists:
   Non-Class:  3.98 MB
       Class:  3.74 MB
        Both:  7.72 MB

MaxMetaspaceSize: unlimited
CompressedClassSpaceSize: 1.00 GB
Initial GC threshold: 21.00 MB
Current GC threshold: 21.00 MB
CDS: on
MetaspaceReclaimPolicy: balanced
 - commit_granule_bytes: 65536.
 - commit_granule_words: 8192.
 - virtual_space_node_default_size: 8388608.
 - enlarge_chunks_in_place: 1.
 - new_chunks_are_fully_committed: 0.
 - uncommit_free_chunks: 1.
 - use_allocation_guard: 0.


Internal statistics:

num_allocs_failed_limit: 0.
num_arena_births: 8.
num_arena_deaths: 0.
num_vsnodes_births: 2.
num_vsnodes_deaths: 0.
num_space_committed: 14.
num_space_uncommitted: 0.
num_chunks_returned_to_freelist: 0.
num_chunks_taken_from_freelist: 10.
num_chunk_merges: 0.
num_chunk_splits: 4.
num_chunks_enlarged: 2.
num_inconsistent_stats: 0.

CodeHeap 'non-profiled nmethods': size=120000Kb used=60Kb max_used=60Kb free=119939Kb
 bounds [0x000002a815a60000, 0x000002a815cd0000, 0x000002a81cf90000]
CodeHeap 'profiled nmethods': size=120000Kb used=182Kb max_used=182Kb free=119817Kb
 bounds [0x000002a80df90000, 0x000002a80e200000, 0x000002a8154c0000]
CodeHeap 'non-nmethods': size=5760Kb used=1327Kb max_used=1331Kb free=4432Kb
 bounds [0x000002a8154c0000, 0x000002a815730000, 0x000002a815a60000]
 total_blobs=565 nmethods=182 adapters=294
 compilation: enabled
              stopped_count=0, restarted_count=0
 full_count=0

Compilation events (20 events):
Event: 0.072 Thread 0x000002a8225d0790  154       4       java.util.HashMap::putVal (300 bytes)
Event: 0.073 Thread 0x000002a8225d9120 nmethod 173 0x000002a80dfba390 code [0x000002a80dfba580, 0x000002a80dfbaaa0]
Event: 0.073 Thread 0x000002a8225d9120  176       3       java.lang.module.ResolvedModule::name (11 bytes)
Event: 0.073 Thread 0x000002a8225d9120 nmethod 176 0x000002a80dfbad10 code [0x000002a80dfbaea0, 0x000002a80dfbb000]
Event: 0.073 Thread 0x000002a8225d9120  175       1       java.lang.module.ModuleDescriptor$Version::toString (5 bytes)
Event: 0.073 Thread 0x000002a8225d9120 nmethod 175 0x000002a815a6e210 code [0x000002a815a6e380, 0x000002a815a6e448]
Event: 0.073 Thread 0x000002a8225d9120  177       3       java.util.HashSet::<init> (16 bytes)
Event: 0.074 Thread 0x000002a8225d9120 nmethod 177 0x000002a80dfbb110 code [0x000002a80dfbb2c0, 0x000002a80dfbb6d0]
Event: 0.074 Thread 0x000002a8225d9120  178       1       java.lang.module.ResolvedModule::configuration (5 bytes)
Event: 0.074 Thread 0x000002a8225d9120 nmethod 178 0x000002a815a6e910 code [0x000002a815a6ea80, 0x000002a815a6eb48]
Event: 0.074 Thread 0x000002a8225d9120  180       1       java.lang.module.ModuleDescriptor::isOpen (5 bytes)
Event: 0.074 Thread 0x000002a8225d9120 nmethod 180 0x000002a815a6ec10 code [0x000002a815a6ed80, 0x000002a815a6ee50]
Event: 0.074 Thread 0x000002a8225d9120  181       1       java.util.HashMap::size (5 bytes)
Event: 0.074 Thread 0x000002a8225d9120 nmethod 181 0x000002a815a6ef10 code [0x000002a815a6f080, 0x000002a815a6f148]
Event: 0.077 Thread 0x000002a8225d9120  182       3       java.lang.StringBuilder::append (8 bytes)
Event: 0.077 Thread 0x000002a8225d9120 nmethod 182 0x000002a80dfbb890 code [0x000002a80dfbba20, 0x000002a80dfbbb68]
Event: 0.077 Thread 0x000002a8225d9120  183       3       java.lang.AbstractStringBuilder::append (77 bytes)
Event: 0.078 Thread 0x000002a8225d9120 nmethod 183 0x000002a80dfbbc10 code [0x000002a80dfbbe00, 0x000002a80dfbc4f0]
Event: 0.078 Thread 0x000002a8225d9120  184       3       java.lang.String::checkBoundsBeginEnd (11 bytes)
Event: 0.078 Thread 0x000002a8225d9120 nmethod 184 0x000002a80dfbc790 code [0x000002a80dfbc940, 0x000002a80dfbcb88]

GC Heap History (0 events):
No events

Dll operation events (4 events):
Event: 0.008 Loaded shared library C:\Program Files\Java\jdk-20\bin\java.dll
Event: 0.019 Loaded shared library C:\Program Files\Java\jdk-20\bin\jsvml.dll
Event: 0.061 Loaded shared library C:\Program Files\Java\jdk-20\bin\net.dll
Event: 0.063 Loaded shared library C:\Program Files\Java\jdk-20\bin\nio.dll

Deoptimization events (0 events):
No events

Classes loaded (20 events):
Event: 0.064 Loading class sun/nio/fs/WindowsPath$WindowsPathWithAttributes
Event: 0.064 Loading class sun/nio/fs/BasicFileAttributesHolder
Event: 0.064 Loading class sun/nio/fs/BasicFileAttributesHolder done
Event: 0.064 Loading class sun/nio/fs/WindowsPath$WindowsPathWithAttributes done
Event: 0.065 Loading class java/nio/file/attribute/FileAttribute
Event: 0.065 Loading class java/nio/file/attribute/FileAttribute done
Event: 0.065 Loading class sun/nio/fs/WindowsSecurityDescriptor
Event: 0.065 Loading class sun/nio/fs/WindowsSecurityDescriptor done
Event: 0.065 Loading class sun/nio/fs/WindowsChannelFactory
Event: 0.065 Loading class sun/nio/fs/WindowsChannelFactory done
Event: 0.065 Loading class sun/nio/fs/WindowsChannelFactory$1
Event: 0.065 Loading class sun/nio/fs/WindowsChannelFactory$1 done
Event: 0.065 Loading class sun/nio/fs/WindowsChannelFactory$Flags
Event: 0.065 Loading class sun/nio/fs/WindowsChannelFactory$Flags done
Event: 0.066 Loading class jdk/internal/module/ModuleReferenceImpl$CachedHash
Event: 0.066 Loading class jdk/internal/module/ModuleReferenceImpl$CachedHash done
Event: 0.077 Loading class jdk/internal/loader/URLClassPath$FileLoader
Event: 0.077 Loading class jdk/internal/loader/URLClassPath$FileLoader done
Event: 0.078 Loading class jdk/internal/loader/URLClassPath$FileLoader$1
Event: 0.078 Loading class jdk/internal/loader/URLClassPath$FileLoader$1 done

Classes unloaded (0 events):
No events

Classes redefined (0 events):
No events

Internal exceptions (2 events):
Event: 0.064 Thread 0x000002a805ec89c0 Exception <a 'sun/nio/fs/WindowsException'{0x00000000910435a8}> (0x00000000910435a8) 
thrown [s\open\src\hotspot\share\prims\jni.cpp, line 519]
Event: 0.065 Thread 0x000002a805ec89c0 Exception <a 'sun/nio/fs/WindowsException'{0x0000000091045ab8}> (0x0000000091045ab8) 
thrown [s\open\src\hotspot\share\prims\jni.cpp, line 519]

VM Operations (2 events):
Event: 0.066 Executing VM operation: HandshakeAllThreads
Event: 0.066 Executing VM operation: HandshakeAllThreads done

Events (11 events):
Event: 0.019 Thread 0x000002a805ec89c0 Thread added: 0x000002a805ec89c0
Event: 0.030 Thread 0x000002a8225b8210 Thread added: 0x000002a8225b8210
Event: 0.030 Thread 0x000002a8225bce20 Thread added: 0x000002a8225bce20
Event: 0.031 Thread 0x000002a8225c0fc0 Thread added: 0x000002a8225c0fc0
Event: 0.031 Thread 0x000002a8225bfa80 Thread added: 0x000002a8225bfa80
Event: 0.031 Thread 0x000002a8225c1510 Thread added: 0x000002a8225c1510
Event: 0.031 Thread 0x000002a8225c1fb0 Thread added: 0x000002a8225c1fb0
Event: 0.031 Thread 0x000002a8225d0790 Thread added: 0x000002a8225d0790
Event: 0.031 Thread 0x000002a8225d9120 Thread added: 0x000002a8225d9120
Event: 0.050 Thread 0x000002a8225c2fa0 Thread added: 0x000002a8225c2fa0
Event: 0.075 Thread 0x000002a8225c2500 Thread added: 0x000002a8225c2500


Dynamic libraries:
0x00007ff665cc0000 - 0x00007ff665cd0000 	C:\Program Files\Java\jdk-20\bin\java.exe
0x00007ffe220d0000 - 0x00007ffe222c8000 	C:\Windows\SYSTEM32\ntdll.dll
0x00007ffe21530000 - 0x00007ffe215ef000 	C:\Windows\System32\KERNEL32.DLL
0x00007ffe1fb40000 - 0x00007ffe1fe12000 	C:\Windows\System32\KERNELBASE.dll
0x00007ffe1fef0000 - 0x00007ffe1fff0000 	C:\Windows\System32\ucrtbase.dll
0x00007ffdfec70000 - 0x00007ffdfec8b000 	C:\Program Files\Java\jdk-20\bin\VCRUNTIME140.dll
0x00007ffdfd7e0000 - 0x00007ffdfd7f9000 	C:\Program Files\Java\jdk-20\bin\jli.dll
0x00007ffe20150000 - 0x00007ffe201fe000 	C:\Windows\System32\ADVAPI32.dll
0x00007ffe21490000 - 0x00007ffe2152e000 	C:\Windows\System32\msvcrt.dll
0x00007ffe21380000 - 0x00007ffe2141c000 	C:\Windows\System32\sechost.dll
0x00007ffe21b30000 - 0x00007ffe21c55000 	C:\Windows\System32\RPCRT4.dll
0x00007ffe20560000 - 0x00007ffe20701000 	C:\Windows\System32\USER32.dll
0x00007ffe0ed90000 - 0x00007ffe0f02a000 	C:\Windows\WinSxS\amd64_microsoft.windows.common-controls_6595b64144ccf1df_6.0.19041.1110_none_60b5254171f9507e\COMCTL32.dll
0x00007ffe1fec0000 - 0x00007ffe1fee2000 	C:\Windows\System32\win32u.dll
0x00007ffe21720000 - 0x00007ffe2174b000 	C:\Windows\System32\GDI32.dll
0x00007ffe1f950000 - 0x00007ffe1fa5f000 	C:\Windows\System32\gdi32full.dll
0x00007ffe1fe20000 - 0x00007ffe1febd000 	C:\Windows\System32\msvcp_win.dll
0x00007ffe15000000 - 0x00007ffe1500a000 	C:\Windows\SYSTEM32\VERSION.dll
0x00007ffe20bf0000 - 0x00007ffe20c22000 	C:\Windows\System32\IMM32.DLL
0x00007ffdfe680000 - 0x00007ffdfe68c000 	C:\Program Files\Java\jdk-20\bin\vcruntime140_1.dll
0x00007ffded6c0000 - 0x00007ffded74e000 	C:\Program Files\Java\jdk-20\bin\msvcp140.dll
0x00007ffdea7e0000 - 0x00007ffdeb477000 	C:\Program Files\Java\jdk-20\bin\server\jvm.dll
0x00007ffe14fd0000 - 0x00007ffe14ff7000 	C:\Windows\SYSTEM32\WINMM.dll
0x00007ffe03b90000 - 0x00007ffe03b99000 	C:\Windows\SYSTEM32\WSOCK32.dll
0x00007ffe21420000 - 0x00007ffe2148b000 	C:\Windows\System32\WS2_32.dll
0x00007ffe1d700000 - 0x00007ffe1d712000 	C:\Windows\SYSTEM32\kernel.appcore.dll
0x00007ffdfe670000 - 0x00007ffdfe67a000 	C:\Program Files\Java\jdk-20\bin\jimage.dll
0x00007ffe1a020000 - 0x00007ffe1a204000 	C:\Windows\SYSTEM32\DBGHELP.DLL
0x00007ffe08e60000 - 0x00007ffe08e95000 	C:\Windows\SYSTEM32\dbgcore.DLL
0x00007ffe1f800000 - 0x00007ffe1f882000 	C:\Windows\System32\bcryptPrimitives.dll
0x00007ffdfe570000 - 0x00007ffdfe596000 	C:\Program Files\Java\jdk-20\bin\java.dll
0x00007ffdfd800000 - 0x00007ffdfd8d7000 	C:\Program Files\Java\jdk-20\bin\jsvml.dll
0x00007ffe20c30000 - 0x00007ffe21374000 	C:\Windows\System32\SHELL32.dll
0x00007ffe1d900000 - 0x00007ffe1e092000 	C:\Windows\SYSTEM32\windows.storage.dll
0x00007ffe20200000 - 0x00007ffe20555000 	C:\Windows\System32\combase.dll
0x00007ffe1f180000 - 0x00007ffe1f1b0000 	C:\Windows\SYSTEM32\Wldp.dll
0x00007ffe22020000 - 0x00007ffe220cd000 	C:\Windows\System32\SHCORE.dll
0x00007ffe21ad0000 - 0x00007ffe21b25000 	C:\Windows\System32\shlwapi.dll
0x00007ffe1f740000 - 0x00007ffe1f75f000 	C:\Windows\SYSTEM32\profapi.dll
0x00007ffdfe4b0000 - 0x00007ffdfe4c3000 	C:\Program Files\Java\jdk-20\bin\net.dll
0x00007ffe18af0000 - 0x00007ffe18bfc000 	C:\Windows\SYSTEM32\WINHTTP.dll
0x00007ffe1eee0000 - 0x00007ffe1ef4a000 	C:\Windows\system32\mswsock.dll
0x00007ffdfdf00000 - 0x00007ffdfdf16000 	C:\Program Files\Java\jdk-20\bin\nio.dll

dbghelp: loaded successfully - version: 4.0.5 - missing functions: none
symbol engine: initialized successfully - sym options: 0x614 - pdb path: .;C:\Program Files\Java\jdk-20\bin;C:\Windows\SYSTEM32;C:\Windows\WinSxS\amd64_microsoft.windows.common-controls_6595b64144ccf1df_6.0.19041.1110_none_60b5254171f9507e;C:\Program Files\Java\jdk-20\bin\server

VM Arguments:
jvm_args: -Dfile.encoding=UTF-8 -Djava.security.policy=applet.policy --module-path=C:\Users\James\Documents\NetBeansProjects\JavaApplication1\build\classes 
java_command: javaapplication1.MenuBank
java_class_path (initial): C:\Users\James\Documents\NetBeansProjects\JavaApplication1\build\classes
Launcher Type: SUN_STANDARD

[Global flags]
     intx CICompilerCount                          = 4                                         {product} {ergonomic}
     uint ConcGCThreads                            = 2                                         {product} {ergonomic}
     uint G1ConcRefinementThreads                  = 8                                         {product} {ergonomic}
   size_t G1HeapRegionSize                         = 1048576                                   {product} {ergonomic}
    uintx GCDrainStackTargetSize                   = 64                                        {product} {ergonomic}
   size_t InitialHeapSize                          = 125829120                                 {product} {ergonomic}
   size_t MarkStackSize                            = 4194304                                   {product} {ergonomic}
   size_t MaxHeapSize                              = 1986002944                                {product} {ergonomic}
   size_t MaxNewSize                               = 1191182336                                {product} {ergonomic}
   size_t MinHeapDeltaBytes                        = 1048576                                   {product} {ergonomic}
   size_t MinHeapSize                              = 8388608                                   {product} {ergonomic}
    uintx NonNMethodCodeHeapSize                   = 5839372                                {pd product} {ergonomic}
    uintx NonProfiledCodeHeapSize                  = 122909434                              {pd product} {ergonomic}
    uintx ProfiledCodeHeapSize                     = 122909434                              {pd product} {ergonomic}
    uintx ReservedCodeCacheSize                    = 251658240                              {pd product} {ergonomic}
     bool SegmentedCodeCache                       = true                                      {product} {ergonomic}
   size_t SoftMaxHeapSize                          = 1986002944                             {manageable} {ergonomic}
     bool UseCompressedClassPointers               = true                           {product lp64_product} {ergonomic}
     bool UseCompressedOops                        = true                           {product lp64_product} {ergonomic}
     bool UseG1GC                                  = true                                      {product} {ergonomic}
     bool UseLargePagesIndividualAllocation        = false                                  {pd product} {ergonomic}

Logging:
Log output configuration:
 #0: stdout all=warning uptime,level,tags foldmultilines=false
 #1: stderr all=off uptime,level,tags foldmultilines=false

Environment Variables:
PATH=C:\Program Files\Common Files\Oracle\Java\javapath;C:\Program Files (x86)\Common Files\Oracle\Java\javapath;C:\Windows\system32;C:\Windows;C:\Windows\System32\Wbem;C:\Windows\System32\WindowsPowerShell\v1.0\;C:\Program Files\Microsoft SQL Server\150\Tools\Binn\;C:\Program Files\Microsoft SQL Server\Client SDK\ODBC\170\Tools\Binn\;C:\Program Files\dotnet\;C:\Users\James\AppData\Local\Microsoft\WindowsApps;;C:\Program Files\JetBrains\IntelliJ IDEA Community Edition 2023.1.3\bin;;C:\Users\James\AppData\Local\Programs\Microsoft VS Code\bin;C:\Users\James\.dotnet\tools
USERNAME=James
OS=Windows_NT
PROCESSOR_IDENTIFIER=AMD64 Family 23 Model 96 Stepping 1, AuthenticAMD
TMP=C:\Users\James\AppData\Local\Temp
TEMP=C:\Users\James\AppData\Local\Temp




---------------  S Y S T E M  ---------------

OS:
 Windows 10 , 64 bit Build 19041 (10.0.19041.2364)
OS uptime: 3 days 6:52 hours

CPU: total 8 (initial active 8) (8 cores per cpu, 2 threads per core) family 23 model 96 stepping 1 microcode 0x0, cx8, cmov, fxsr, ht, mmx, 3dnowpref, sse, sse2, sse3, ssse3, sse4a, sse4.1, sse4.2, popcnt, lzcnt, tsc, tscinvbit, avx, avx2, aes, clmul, bmi1, bmi2, adx, sha, fma, vzeroupper, clflush, clflushopt, rdtscp, rdpid, f16c

Memory: 4k page, system-wide physical 7569M (977M free)
TotalPageFile size 23013M (AvailPageFile size 2M)
current process WorkingSet (physical memory assigned to process): 33M, peak: 33M
current process commit charge ("private bytes"): 202M, peak: 202M

vm_info: Java HotSpot(TM) 64-Bit Server VM (20.0.1+9-29) for windows-amd64 JRE (20.0.1+9-29), built on 2023-03-07T13:56:11Z by "mach5one" with MS VC++ 17.1 (VS2022)

END.
