#
# There is insufficient memory for the Java Runtime Environment to continue.
# Native memory allocation (malloc) failed to allocate 327296 bytes for Chunk::new
# Possible reasons:
#   The system is out of physical RAM or swap space
#   The process is running with CompressedOops enabled, and the Java Heap may be blocking the growth of the native heap
# Possible solutions:
#   Reduce memory load on the system
#   Increase physical memory or swap space
#   Check if swap backing store is full
#   Decrease Java heap size (-Xmx/-Xms)
#   Decrease number of Java threads
#   Decrease Java thread stack sizes (-Xss)
#   Set larger code cache with -XX:ReservedCodeCacheSize=
#   JVM is running with Unscaled Compressed Oops mode in which the Java heap is
#     placed in the first 4GB address space. The Java Heap base address is the
#     maximum limit for the native heap growth. Please use -XX:HeapBaseMinAddress
#     to set the Java Heap base and to place the Java Heap above 4GB virtual address.
# This output file may be truncated or incomplete.
#
#  Out of Memory Error (arena.cpp:184), pid=12552, tid=3532
#
# JRE version: Java(TM) SE Runtime Environment (20.0.1+9) (build 20.0.1+9-29)
# Java VM: Java HotSpot(TM) 64-Bit Server VM (20.0.1+9-29, mixed mode, sharing, tiered, compressed oops, compressed class ptrs, g1 gc, windows-amd64)
# No core dump will be written. Minidumps are not enabled by default on client versions of Windows
#

---------------  S U M M A R Y ------------

Command Line: -Dfile.encoding=UTF-8 -Djava.security.policy=applet.policy --module-path=C:\Users\James\Documents\NetBeansProjects\JavaApplication1\build\classes javaapplication1.BuyAGame

Host: AMD Ryzen 3 PRO 4350G with Radeon Graphics, 8 cores, 7G,  Windows 10 , 64 bit Build 19041 (10.0.19041.2364)
Time: Thu Dec 14 02:35:48 2023 China Standard Time elapsed time: 0.693884 seconds (0d 0h 0m 0s)

---------------  T H R E A D  ---------------

Current thread (0x0000028a3f0d2b60):  JavaThread "C2 CompilerThread0" daemon [_thread_in_native, id=3532, stack(0x000000b955c00000,0x000000b955d00000)]


Current CompileTask:
C2:    693 1386 %     4       sun.java2d.marlin.Renderer::_endRendering @ 568 (2646 bytes)

Stack: [0x000000b955c00000,0x000000b955d00000]
Native frames: (J=compiled Java code, j=interpreted, Vv=VM code, C=native code)
V  [jvm.dll+0x6bb95a]
V  [jvm.dll+0x8485fa]
V  [jvm.dll+0x84a1f5]
V  [jvm.dll+0x84a8f3]
V  [jvm.dll+0x280b0f]
V  [jvm.dll+0xc2b11]
V  [jvm.dll+0xc2e35]
V  [jvm.dll+0x2f5dbf]
V  [jvm.dll+0x5e32eb]
V  [jvm.dll+0x2543b4]
V  [jvm.dll+0x25477f]
V  [jvm.dll+0x24cf6d]
V  [jvm.dll+0x24a549]
V  [jvm.dll+0x1ce491]
V  [jvm.dll+0x259e1b]
V  [jvm.dll+0x2584f0]
V  [jvm.dll+0x3f2895]
V  [jvm.dll+0x7f4b56]
V  [jvm.dll+0x6ba5cb]
C  [ucrtbase.dll+0x21bb2]
C  [KERNEL32.DLL+0x17614]
C  [ntdll.dll+0x526a1]


---------------  P R O C E S S  ---------------

Threads class SMR info:
_java_thread_list=0x0000028a4926ccb0, length=17, elements={
0x0000028a3f0ba980, 0x0000028a3f0bc430, 0x0000028a3f0c0020, 0x0000028a3f0c0960,
0x0000028a3f0c1ab0, 0x0000028a3f0c4400, 0x0000028a3f0d2b60, 0x0000028a3f0fb900,
0x0000028a434acf60, 0x0000028a435c23e0, 0x0000028a43758850, 0x0000028a43758da0,
0x0000028a4375d300, 0x0000028a437f3050, 0x0000028a229d95c0, 0x0000028a448306c0,
0x0000028a442451b0
}

Java Threads: ( => current thread )
  0x0000028a3f0ba980 JavaThread "Reference Handler" daemon [_thread_blocked, id=16672, stack(0x000000b955600000,0x000000b955700000)]
  0x0000028a3f0bc430 JavaThread "Finalizer" daemon [_thread_blocked, id=19216, stack(0x000000b955700000,0x000000b955800000)]
  0x0000028a3f0c0020 JavaThread "Signal Dispatcher" daemon [_thread_blocked, id=11480, stack(0x000000b955800000,0x000000b955900000)]
  0x0000028a3f0c0960 JavaThread "Attach Listener" daemon [_thread_blocked, id=9412, stack(0x000000b955900000,0x000000b955a00000)]
  0x0000028a3f0c1ab0 JavaThread "Service Thread" daemon [_thread_blocked, id=17228, stack(0x000000b955a00000,0x000000b955b00000)]
  0x0000028a3f0c4400 JavaThread "Monitor Deflation Thread" daemon [_thread_blocked, id=15640, stack(0x000000b955b00000,0x000000b955c00000)]
=>0x0000028a3f0d2b60 JavaThread "C2 CompilerThread0" daemon [_thread_in_native, id=3532, stack(0x000000b955c00000,0x000000b955d00000)]
  0x0000028a3f0fb900 JavaThread "C1 CompilerThread0" daemon [_thread_blocked, id=6232, stack(0x000000b955d00000,0x000000b955e00000)]
  0x0000028a434acf60 JavaThread "Common-Cleaner" daemon [_thread_blocked, id=19040, stack(0x000000b955e00000,0x000000b955f00000)]
  0x0000028a435c23e0 JavaThread "Notification Thread" daemon [_thread_blocked, id=18268, stack(0x000000b955f00000,0x000000b956000000)]
  0x0000028a43758850 JavaThread "Java2D Disposer" daemon [_thread_blocked, id=16892, stack(0x000000b956100000,0x000000b956200000)]
  0x0000028a43758da0 JavaThread "AWT-Shutdown" [_thread_blocked, id=6532, stack(0x000000b956200000,0x000000b956300000)]
  0x0000028a4375d300 JavaThread "AWT-Windows" daemon [_thread_in_native, id=18812, stack(0x000000b956300000,0x000000b956400000)]
  0x0000028a437f3050 JavaThread "AWT-EventQueue-0" [_thread_blocked, id=18148, stack(0x000000b956400000,0x000000b956500000)]
  0x0000028a229d95c0 JavaThread "DestroyJavaVM" [_thread_blocked, id=13384, stack(0x000000b954f00000,0x000000b955000000)]
  0x0000028a448306c0 JavaThread "Image Fetcher 0" daemon [_thread_blocked, id=2240, stack(0x000000b956d00000,0x000000b956e00000)]
  0x0000028a442451b0 JavaThread "D3D Screen Updater" daemon [_thread_blocked, id=16092, stack(0x000000b956f00000,0x000000b957000000)]

Other Threads:
  0x0000028a3f09f460 VMThread "VM Thread" [stack: 0x000000b955500000,0x000000b955600000] [id=17412]
  0x0000028a43581a90 WatcherThread "VM Periodic Task Thread" [stack: 0x000000b956000000,0x000000b956100000] [id=6324]
  0x0000028a22a34e20 WorkerThread "GC Thread#0" [stack: 0x000000b955000000,0x000000b955100000] [id=18708]
  0x0000028a22a45a00 ConcurrentGCThread "G1 Main Marker" [stack: 0x000000b955100000,0x000000b955200000] [id=8052]
  0x0000028a22a465d0 WorkerThread "G1 Conc#0" [stack: 0x000000b955200000,0x000000b955300000] [id=7676]
  0x0000028a22aae4f0 ConcurrentGCThread "G1 Refine#0" [stack: 0x000000b955300000,0x000000b955400000] [id=17296]
  0x0000028a3ef60130 ConcurrentGCThread "G1 Service" [stack: 0x000000b955400000,0x000000b955500000] [id=9884]

Threads with active compile tasks:
C2 CompilerThread0      702 1386 %     4       sun.java2d.marlin.Renderer::_endRendering @ 568 (2646 bytes)

VM state: not at safepoint (normal execution)

VM Mutex/Monitor currently owned by a thread: None

Heap address: 0x0000000089a00000, size: 1894 MB, Compressed Oops mode: 32-bit

CDS archive(s) mapped at: [0x0000000800000000-0x0000000800c60000-0x0000000800c60000), size 12976128, SharedBaseAddress: 0x0000000800000000, ArchiveRelocationMode: 0.
Compressed class space mapped at: 0x0000000801000000-0x0000000841000000, reserved size: 1073741824
Narrow klass base: 0x0000000800000000, Narrow klass shift: 0, Narrow klass range: 0x100000000

GC Precious Log:
 CardTable entry size: 512
 Card Set container configuration: InlinePtr #cards 5 size 8 Array Of Cards #cards 12 size 40 Howl #buckets 4 coarsen threshold 1843 Howl Bitmap #cards 512 size 80 coarsen threshold 460 Card regions per heap region 1 cards per card region 2048
 CPUs: 8 total, 8 available
 Memory: 7569M
 Large Page Support: Disabled
 NUMA Support: Disabled
 Compressed Oops: Enabled (32-bit)
 Heap Region Size: 1M
 Heap Min Capacity: 8M
 Heap Initial Capacity: 120M
 Heap Max Capacity: 1894M
 Pre-touch: Disabled
 Parallel Workers: 8
 Concurrent Workers: 2
 Concurrent Refinement Workers: 8
 Periodic GC: Disabled

Heap:
 garbage-first heap   total 122880K, used 28672K [0x0000000089a00000, 0x0000000100000000)
  region size 1024K, 22 young (22528K), 0 survivors (0K)
 Metaspace       used 11191K, committed 11456K, reserved 1114112K
  class space    used 1329K, committed 1472K, reserved 1048576K

Heap Regions: E=young(eden), S=young(survivor), O=old, HS=humongous(starts), HC=humongous(continues), CS=collection set, F=free, OA=open archive, CA=closed archive, TAMS=top-at-mark-start, PB=parsable bottom
|   0|0x0000000089a00000, 0x0000000089b00000, 0x0000000089b00000|100%|HS|  |TAMS 0x0000000089a00000| PB 0x0000000089a00000| Complete 
|   1|0x0000000089b00000, 0x0000000089c00000, 0x0000000089c00000|100%|HC|  |TAMS 0x0000000089b00000| PB 0x0000000089b00000| Complete 
|   2|0x0000000089c00000, 0x0000000089d00000, 0x0000000089d00000|100%|HC|  |TAMS 0x0000000089c00000| PB 0x0000000089c00000| Complete 
|   3|0x0000000089d00000, 0x0000000089e00000, 0x0000000089e00000|100%|HS|  |TAMS 0x0000000089d00000| PB 0x0000000089d00000| Complete 
|   4|0x0000000089e00000, 0x0000000089f00000, 0x0000000089f00000|100%|HC|  |TAMS 0x0000000089e00000| PB 0x0000000089e00000| Complete 
|   5|0x0000000089f00000, 0x000000008a000000, 0x000000008a000000|100%|HC|  |TAMS 0x0000000089f00000| PB 0x0000000089f00000| Complete 
|   6|0x000000008a000000, 0x000000008a100000, 0x000000008a100000|100%|HC|  |TAMS 0x000000008a000000| PB 0x000000008a000000| Complete 
|   7|0x000000008a100000, 0x000000008a200000, 0x000000008a200000|100%|HC|  |TAMS 0x000000008a100000| PB 0x000000008a100000| Complete 
|   8|0x000000008a200000, 0x000000008a200000, 0x000000008a300000|  0%| F|  |TAMS 0x000000008a200000| PB 0x000000008a200000| Untracked 
|   9|0x000000008a300000, 0x000000008a300000, 0x000000008a400000|  0%| F|  |TAMS 0x000000008a300000| PB 0x000000008a300000| Untracked 
|  10|0x000000008a400000, 0x000000008a400000, 0x000000008a500000|  0%| F|  |TAMS 0x000000008a400000| PB 0x000000008a400000| Untracked 
|  11|0x000000008a500000, 0x000000008a500000, 0x000000008a600000|  0%| F|  |TAMS 0x000000008a500000| PB 0x000000008a500000| Untracked 
|  12|0x000000008a600000, 0x000000008a600000, 0x000000008a700000|  0%| F|  |TAMS 0x000000008a600000| PB 0x000000008a600000| Untracked 
|  13|0x000000008a700000, 0x000000008a700000, 0x000000008a800000|  0%| F|  |TAMS 0x000000008a700000| PB 0x000000008a700000| Untracked 
|  14|0x000000008a800000, 0x000000008a800000, 0x000000008a900000|  0%| F|  |TAMS 0x000000008a800000| PB 0x000000008a800000| Untracked 
|  15|0x000000008a900000, 0x000000008a900000, 0x000000008aa00000|  0%| F|  |TAMS 0x000000008a900000| PB 0x000000008a900000| Untracked 
|  16|0x000000008aa00000, 0x000000008aa00000, 0x000000008ab00000|  0%| F|  |TAMS 0x000000008aa00000| PB 0x000000008aa00000| Untracked 
|  17|0x000000008ab00000, 0x000000008ab00000, 0x000000008ac00000|  0%| F|  |TAMS 0x000000008ab00000| PB 0x000000008ab00000| Untracked 
|  18|0x000000008ac00000, 0x000000008ac00000, 0x000000008ad00000|  0%| F|  |TAMS 0x000000008ac00000| PB 0x000000008ac00000| Untracked 
|  19|0x000000008ad00000, 0x000000008ad00000, 0x000000008ae00000|  0%| F|  |TAMS 0x000000008ad00000| PB 0x000000008ad00000| Untracked 
|  20|0x000000008ae00000, 0x000000008ae00000, 0x000000008af00000|  0%| F|  |TAMS 0x000000008ae00000| PB 0x000000008ae00000| Untracked 
|  21|0x000000008af00000, 0x000000008af00000, 0x000000008b000000|  0%| F|  |TAMS 0x000000008af00000| PB 0x000000008af00000| Untracked 
|  22|0x000000008b000000, 0x000000008b000000, 0x000000008b100000|  0%| F|  |TAMS 0x000000008b000000| PB 0x000000008b000000| Untracked 
|  23|0x000000008b100000, 0x000000008b100000, 0x000000008b200000|  0%| F|  |TAMS 0x000000008b100000| PB 0x000000008b100000| Untracked 
|  24|0x000000008b200000, 0x000000008b200000, 0x000000008b300000|  0%| F|  |TAMS 0x000000008b200000| PB 0x000000008b200000| Untracked 
|  25|0x000000008b300000, 0x000000008b300000, 0x000000008b400000|  0%| F|  |TAMS 0x000000008b300000| PB 0x000000008b300000| Untracked 
|  26|0x000000008b400000, 0x000000008b400000, 0x000000008b500000|  0%| F|  |TAMS 0x000000008b400000| PB 0x000000008b400000| Untracked 
|  27|0x000000008b500000, 0x000000008b500000, 0x000000008b600000|  0%| F|  |TAMS 0x000000008b500000| PB 0x000000008b500000| Untracked 
|  28|0x000000008b600000, 0x000000008b600000, 0x000000008b700000|  0%| F|  |TAMS 0x000000008b600000| PB 0x000000008b600000| Untracked 
|  29|0x000000008b700000, 0x000000008b700000, 0x000000008b800000|  0%| F|  |TAMS 0x000000008b700000| PB 0x000000008b700000| Untracked 
|  30|0x000000008b800000, 0x000000008b800000, 0x000000008b900000|  0%| F|  |TAMS 0x000000008b800000| PB 0x000000008b800000| Untracked 
|  31|0x000000008b900000, 0x000000008b900000, 0x000000008ba00000|  0%| F|  |TAMS 0x000000008b900000| PB 0x000000008b900000| Untracked 
|  32|0x000000008ba00000, 0x000000008ba00000, 0x000000008bb00000|  0%| F|  |TAMS 0x000000008ba00000| PB 0x000000008ba00000| Untracked 
|  33|0x000000008bb00000, 0x000000008bb00000, 0x000000008bc00000|  0%| F|  |TAMS 0x000000008bb00000| PB 0x000000008bb00000| Untracked 
|  34|0x000000008bc00000, 0x000000008bc00000, 0x000000008bd00000|  0%| F|  |TAMS 0x000000008bc00000| PB 0x000000008bc00000| Untracked 
|  35|0x000000008bd00000, 0x000000008bd00000, 0x000000008be00000|  0%| F|  |TAMS 0x000000008bd00000| PB 0x000000008bd00000| Untracked 
|  36|0x000000008be00000, 0x000000008be00000, 0x000000008bf00000|  0%| F|  |TAMS 0x000000008be00000| PB 0x000000008be00000| Untracked 
|  37|0x000000008bf00000, 0x000000008bf00000, 0x000000008c000000|  0%| F|  |TAMS 0x000000008bf00000| PB 0x000000008bf00000| Untracked 
|  38|0x000000008c000000, 0x000000008c000000, 0x000000008c100000|  0%| F|  |TAMS 0x000000008c000000| PB 0x000000008c000000| Untracked 
|  39|0x000000008c100000, 0x000000008c100000, 0x000000008c200000|  0%| F|  |TAMS 0x000000008c100000| PB 0x000000008c100000| Untracked 
|  40|0x000000008c200000, 0x000000008c200000, 0x000000008c300000|  0%| F|  |TAMS 0x000000008c200000| PB 0x000000008c200000| Untracked 
|  41|0x000000008c300000, 0x000000008c300000, 0x000000008c400000|  0%| F|  |TAMS 0x000000008c300000| PB 0x000000008c300000| Untracked 
|  42|0x000000008c400000, 0x000000008c400000, 0x000000008c500000|  0%| F|  |TAMS 0x000000008c400000| PB 0x000000008c400000| Untracked 
|  43|0x000000008c500000, 0x000000008c500000, 0x000000008c600000|  0%| F|  |TAMS 0x000000008c500000| PB 0x000000008c500000| Untracked 
|  44|0x000000008c600000, 0x000000008c600000, 0x000000008c700000|  0%| F|  |TAMS 0x000000008c600000| PB 0x000000008c600000| Untracked 
|  45|0x000000008c700000, 0x000000008c700000, 0x000000008c800000|  0%| F|  |TAMS 0x000000008c700000| PB 0x000000008c700000| Untracked 
|  46|0x000000008c800000, 0x000000008c800000, 0x000000008c900000|  0%| F|  |TAMS 0x000000008c800000| PB 0x000000008c800000| Untracked 
|  47|0x000000008c900000, 0x000000008c900000, 0x000000008ca00000|  0%| F|  |TAMS 0x000000008c900000| PB 0x000000008c900000| Untracked 
|  48|0x000000008ca00000, 0x000000008ca00000, 0x000000008cb00000|  0%| F|  |TAMS 0x000000008ca00000| PB 0x000000008ca00000| Untracked 
|  49|0x000000008cb00000, 0x000000008cb00000, 0x000000008cc00000|  0%| F|  |TAMS 0x000000008cb00000| PB 0x000000008cb00000| Untracked 
|  50|0x000000008cc00000, 0x000000008cc00000, 0x000000008cd00000|  0%| F|  |TAMS 0x000000008cc00000| PB 0x000000008cc00000| Untracked 
|  51|0x000000008cd00000, 0x000000008cd00000, 0x000000008ce00000|  0%| F|  |TAMS 0x000000008cd00000| PB 0x000000008cd00000| Untracked 
|  52|0x000000008ce00000, 0x000000008ce00000, 0x000000008cf00000|  0%| F|  |TAMS 0x000000008ce00000| PB 0x000000008ce00000| Untracked 
|  53|0x000000008cf00000, 0x000000008cf00000, 0x000000008d000000|  0%| F|  |TAMS 0x000000008cf00000| PB 0x000000008cf00000| Untracked 
|  54|0x000000008d000000, 0x000000008d000000, 0x000000008d100000|  0%| F|  |TAMS 0x000000008d000000| PB 0x000000008d000000| Untracked 
|  55|0x000000008d100000, 0x000000008d100000, 0x000000008d200000|  0%| F|  |TAMS 0x000000008d100000| PB 0x000000008d100000| Untracked 
|  56|0x000000008d200000, 0x000000008d200000, 0x000000008d300000|  0%| F|  |TAMS 0x000000008d200000| PB 0x000000008d200000| Untracked 
|  57|0x000000008d300000, 0x000000008d300000, 0x000000008d400000|  0%| F|  |TAMS 0x000000008d300000| PB 0x000000008d300000| Untracked 
|  58|0x000000008d400000, 0x000000008d400000, 0x000000008d500000|  0%| F|  |TAMS 0x000000008d400000| PB 0x000000008d400000| Untracked 
|  59|0x000000008d500000, 0x000000008d500000, 0x000000008d600000|  0%| F|  |TAMS 0x000000008d500000| PB 0x000000008d500000| Untracked 
|  60|0x000000008d600000, 0x000000008d600000, 0x000000008d700000|  0%| F|  |TAMS 0x000000008d600000| PB 0x000000008d600000| Untracked 
|  61|0x000000008d700000, 0x000000008d700000, 0x000000008d800000|  0%| F|  |TAMS 0x000000008d700000| PB 0x000000008d700000| Untracked 
|  62|0x000000008d800000, 0x000000008d800000, 0x000000008d900000|  0%| F|  |TAMS 0x000000008d800000| PB 0x000000008d800000| Untracked 
|  63|0x000000008d900000, 0x000000008d900000, 0x000000008da00000|  0%| F|  |TAMS 0x000000008d900000| PB 0x000000008d900000| Untracked 
|  64|0x000000008da00000, 0x000000008da00000, 0x000000008db00000|  0%| F|  |TAMS 0x000000008da00000| PB 0x000000008da00000| Untracked 
|  65|0x000000008db00000, 0x000000008db00000, 0x000000008dc00000|  0%| F|  |TAMS 0x000000008db00000| PB 0x000000008db00000| Untracked 
|  66|0x000000008dc00000, 0x000000008dc00000, 0x000000008dd00000|  0%| F|  |TAMS 0x000000008dc00000| PB 0x000000008dc00000| Untracked 
|  67|0x000000008dd00000, 0x000000008dd00000, 0x000000008de00000|  0%| F|  |TAMS 0x000000008dd00000| PB 0x000000008dd00000| Untracked 
|  68|0x000000008de00000, 0x000000008de00000, 0x000000008df00000|  0%| F|  |TAMS 0x000000008de00000| PB 0x000000008de00000| Untracked 
|  69|0x000000008df00000, 0x000000008df00000, 0x000000008e000000|  0%| F|  |TAMS 0x000000008df00000| PB 0x000000008df00000| Untracked 
|  70|0x000000008e000000, 0x000000008e000000, 0x000000008e100000|  0%| F|  |TAMS 0x000000008e000000| PB 0x000000008e000000| Untracked 
|  71|0x000000008e100000, 0x000000008e100000, 0x000000008e200000|  0%| F|  |TAMS 0x000000008e100000| PB 0x000000008e100000| Untracked 
|  72|0x000000008e200000, 0x000000008e200000, 0x000000008e300000|  0%| F|  |TAMS 0x000000008e200000| PB 0x000000008e200000| Untracked 
|  73|0x000000008e300000, 0x000000008e300000, 0x000000008e400000|  0%| F|  |TAMS 0x000000008e300000| PB 0x000000008e300000| Untracked 
|  74|0x000000008e400000, 0x000000008e400000, 0x000000008e500000|  0%| F|  |TAMS 0x000000008e400000| PB 0x000000008e400000| Untracked 
|  75|0x000000008e500000, 0x000000008e500000, 0x000000008e600000|  0%| F|  |TAMS 0x000000008e500000| PB 0x000000008e500000| Untracked 
|  76|0x000000008e600000, 0x000000008e600000, 0x000000008e700000|  0%| F|  |TAMS 0x000000008e600000| PB 0x000000008e600000| Untracked 
|  77|0x000000008e700000, 0x000000008e700000, 0x000000008e800000|  0%| F|  |TAMS 0x000000008e700000| PB 0x000000008e700000| Untracked 
|  78|0x000000008e800000, 0x000000008e800000, 0x000000008e900000|  0%| F|  |TAMS 0x000000008e800000| PB 0x000000008e800000| Untracked 
|  79|0x000000008e900000, 0x000000008e900000, 0x000000008ea00000|  0%| F|  |TAMS 0x000000008e900000| PB 0x000000008e900000| Untracked 
|  80|0x000000008ea00000, 0x000000008ea00000, 0x000000008eb00000|  0%| F|  |TAMS 0x000000008ea00000| PB 0x000000008ea00000| Untracked 
|  81|0x000000008eb00000, 0x000000008eb00000, 0x000000008ec00000|  0%| F|  |TAMS 0x000000008eb00000| PB 0x000000008eb00000| Untracked 
|  82|0x000000008ec00000, 0x000000008ec00000, 0x000000008ed00000|  0%| F|  |TAMS 0x000000008ec00000| PB 0x000000008ec00000| Untracked 
|  83|0x000000008ed00000, 0x000000008ed00000, 0x000000008ee00000|  0%| F|  |TAMS 0x000000008ed00000| PB 0x000000008ed00000| Untracked 
|  84|0x000000008ee00000, 0x000000008ee00000, 0x000000008ef00000|  0%| F|  |TAMS 0x000000008ee00000| PB 0x000000008ee00000| Untracked 
|  85|0x000000008ef00000, 0x000000008ef00000, 0x000000008f000000|  0%| F|  |TAMS 0x000000008ef00000| PB 0x000000008ef00000| Untracked 
|  86|0x000000008f000000, 0x000000008f000000, 0x000000008f100000|  0%| F|  |TAMS 0x000000008f000000| PB 0x000000008f000000| Untracked 
|  87|0x000000008f100000, 0x000000008f100000, 0x000000008f200000|  0%| F|  |TAMS 0x000000008f100000| PB 0x000000008f100000| Untracked 
|  88|0x000000008f200000, 0x000000008f200000, 0x000000008f300000|  0%| F|  |TAMS 0x000000008f200000| PB 0x000000008f200000| Untracked 
|  89|0x000000008f300000, 0x000000008f300000, 0x000000008f400000|  0%| F|  |TAMS 0x000000008f300000| PB 0x000000008f300000| Untracked 
|  90|0x000000008f400000, 0x000000008f400000, 0x000000008f500000|  0%| F|  |TAMS 0x000000008f400000| PB 0x000000008f400000| Untracked 
|  91|0x000000008f500000, 0x000000008f500000, 0x000000008f600000|  0%| F|  |TAMS 0x000000008f500000| PB 0x000000008f500000| Untracked 
|  92|0x000000008f600000, 0x000000008f600000, 0x000000008f700000|  0%| F|  |TAMS 0x000000008f600000| PB 0x000000008f600000| Untracked 
|  93|0x000000008f700000, 0x000000008f700000, 0x000000008f800000|  0%| F|  |TAMS 0x000000008f700000| PB 0x000000008f700000| Untracked 
|  94|0x000000008f800000, 0x000000008f800000, 0x000000008f900000|  0%| F|  |TAMS 0x000000008f800000| PB 0x000000008f800000| Untracked 
|  95|0x000000008f900000, 0x000000008f900000, 0x000000008fa00000|  0%| F|  |TAMS 0x000000008f900000| PB 0x000000008f900000| Untracked 
|  96|0x000000008fa00000, 0x000000008fa00000, 0x000000008fb00000|  0%| F|  |TAMS 0x000000008fa00000| PB 0x000000008fa00000| Untracked 
|  97|0x000000008fb00000, 0x000000008fb00000, 0x000000008fc00000|  0%| F|  |TAMS 0x000000008fb00000| PB 0x000000008fb00000| Untracked 
|  98|0x000000008fc00000, 0x000000008fcec0f8, 0x000000008fd00000| 92%| E|  |TAMS 0x000000008fc00000| PB 0x000000008fc00000| Complete 
|  99|0x000000008fd00000, 0x000000008fe00000, 0x000000008fe00000|100%| E|CS|TAMS 0x000000008fd00000| PB 0x000000008fd00000| Complete 
| 100|0x000000008fe00000, 0x000000008ff00000, 0x000000008ff00000|100%| E|CS|TAMS 0x000000008fe00000| PB 0x000000008fe00000| Complete 
| 101|0x000000008ff00000, 0x0000000090000000, 0x0000000090000000|100%| E|CS|TAMS 0x000000008ff00000| PB 0x000000008ff00000| Complete 
| 102|0x0000000090000000, 0x0000000090100000, 0x0000000090100000|100%| E|CS|TAMS 0x0000000090000000| PB 0x0000000090000000| Complete 
| 103|0x0000000090100000, 0x0000000090200000, 0x0000000090200000|100%| E|CS|TAMS 0x0000000090100000| PB 0x0000000090100000| Complete 
| 104|0x0000000090200000, 0x0000000090300000, 0x0000000090300000|100%| E|CS|TAMS 0x0000000090200000| PB 0x0000000090200000| Complete 
| 105|0x0000000090300000, 0x0000000090400000, 0x0000000090400000|100%| E|CS|TAMS 0x0000000090300000| PB 0x0000000090300000| Complete 
| 106|0x0000000090400000, 0x0000000090500000, 0x0000000090500000|100%| E|CS|TAMS 0x0000000090400000| PB 0x0000000090400000| Complete 
| 107|0x0000000090500000, 0x0000000090600000, 0x0000000090600000|100%| E|  |TAMS 0x0000000090500000| PB 0x0000000090500000| Complete 
| 108|0x0000000090600000, 0x0000000090700000, 0x0000000090700000|100%| E|CS|TAMS 0x0000000090600000| PB 0x0000000090600000| Complete 
| 109|0x0000000090700000, 0x0000000090800000, 0x0000000090800000|100%| E|CS|TAMS 0x0000000090700000| PB 0x0000000090700000| Complete 
| 110|0x0000000090800000, 0x0000000090900000, 0x0000000090900000|100%| E|CS|TAMS 0x0000000090800000| PB 0x0000000090800000| Complete 
| 111|0x0000000090900000, 0x0000000090a00000, 0x0000000090a00000|100%| E|CS|TAMS 0x0000000090900000| PB 0x0000000090900000| Complete 
| 112|0x0000000090a00000, 0x0000000090b00000, 0x0000000090b00000|100%| E|CS|TAMS 0x0000000090a00000| PB 0x0000000090a00000| Complete 
| 113|0x0000000090b00000, 0x0000000090c00000, 0x0000000090c00000|100%| E|CS|TAMS 0x0000000090b00000| PB 0x0000000090b00000| Complete 
| 114|0x0000000090c00000, 0x0000000090d00000, 0x0000000090d00000|100%| E|CS|TAMS 0x0000000090c00000| PB 0x0000000090c00000| Complete 
| 115|0x0000000090d00000, 0x0000000090e00000, 0x0000000090e00000|100%| E|CS|TAMS 0x0000000090d00000| PB 0x0000000090d00000| Complete 
| 116|0x0000000090e00000, 0x0000000090f00000, 0x0000000090f00000|100%| E|CS|TAMS 0x0000000090e00000| PB 0x0000000090e00000| Complete 
| 117|0x0000000090f00000, 0x0000000091000000, 0x0000000091000000|100%| E|CS|TAMS 0x0000000090f00000| PB 0x0000000090f00000| Complete 
| 118|0x0000000091000000, 0x0000000091100000, 0x0000000091100000|100%| E|CS|TAMS 0x0000000091000000| PB 0x0000000091000000| Complete 
| 119|0x0000000091100000, 0x0000000091200000, 0x0000000091200000|100%| E|CS|TAMS 0x0000000091100000| PB 0x0000000091100000| Complete 

Card table byte_map: [0x0000028a3a190000,0x0000028a3a550000] _byte_map_base: 0x0000028a39d43000

Marking Bits: (CMBitMap*) 0x0000028a22a36460
 Bits: [0x0000028a3a910000, 0x0000028a3c6a8000)

Polling page: 0x0000028a209d0000

Metaspace:

Usage:
  Non-class:      9.63 MB used.
      Class:      1.30 MB used.
       Both:     10.93 MB used.

Virtual space:
  Non-class space:       64.00 MB reserved,       9.75 MB ( 15%) committed,  1 nodes.
      Class space:        1.00 GB reserved,       1.44 MB ( <1%) committed,  1 nodes.
             Both:        1.06 GB reserved,      11.19 MB (  1%) committed. 

Chunk freelists:
   Non-Class:  2.24 MB
       Class:  2.61 MB
        Both:  4.85 MB

MaxMetaspaceSize: unlimited
CompressedClassSpaceSize: 1.00 GB
Initial GC threshold: 21.00 MB
Current GC threshold: 21.00 MB
CDS: on
MetaspaceReclaimPolicy: balanced
 - commit_granule_bytes: 65536.
 - commit_granule_words: 8192.
 - virtual_space_node_default_size: 8388608.
 - enlarge_chunks_in_place: 1.
 - new_chunks_are_fully_committed: 0.
 - uncommit_free_chunks: 1.
 - use_allocation_guard: 0.


Internal statistics:

num_allocs_failed_limit: 0.
num_arena_births: 166.
num_arena_deaths: 0.
num_vsnodes_births: 2.
num_vsnodes_deaths: 0.
num_space_committed: 179.
num_space_uncommitted: 0.
num_chunks_returned_to_freelist: 0.
num_chunks_taken_from_freelist: 218.
num_chunk_merges: 0.
num_chunk_splits: 127.
num_chunks_enlarged: 57.
num_inconsistent_stats: 0.

CodeHeap 'non-profiled nmethods': size=120000Kb used=432Kb max_used=432Kb free=119567Kb
 bounds [0x0000028a32570000, 0x0000028a327e0000, 0x0000028a39aa0000]
CodeHeap 'profiled nmethods': size=120000Kb used=2479Kb max_used=2479Kb free=117520Kb
 bounds [0x0000028a2aaa0000, 0x0000028a2ad10000, 0x0000028a31fd0000]
CodeHeap 'non-nmethods': size=5760Kb used=1693Kb max_used=1711Kb free=4066Kb
 bounds [0x0000028a31fd0000, 0x0000028a32240000, 0x0000028a32570000]
 total_blobs=2103 nmethods=1415 adapters=599
 compilation: enabled
              stopped_count=0, restarted_count=0
 full_count=0

Compilation events (20 events):
Event: 0.688 Thread 0x0000028a3f0fb900 1404       3       sun.java2d.marlin.MarlinTileGenerator::getAlpha (28 bytes)
Event: 0.688 Thread 0x0000028a3f0fb900 nmethod 1404 0x0000028a2ad04190 code [0x0000028a2ad04340, 0x0000028a2ad04520]
Event: 0.688 Thread 0x0000028a3f0fb900 1406       3       jdk.internal.misc.Unsafe::checkNativeAddress (28 bytes)
Event: 0.688 Thread 0x0000028a3f0fb900 nmethod 1406 0x0000028a2ad04610 code [0x0000028a2ad047a0, 0x0000028a2ad048c0]
Event: 0.688 Thread 0x0000028a3f0fb900 1405       3       jdk.internal.misc.Unsafe::checkOffset (32 bytes)
Event: 0.688 Thread 0x0000028a3f0fb900 nmethod 1405 0x0000028a2ad04990 code [0x0000028a2ad04b40, 0x0000028a2ad04db8]
Event: 0.688 Thread 0x0000028a3f0fb900 1403       3       sun.java2d.pipe.RenderBuffer::put (87 bytes)
Event: 0.689 Thread 0x0000028a3f0fb900 nmethod 1403 0x0000028a2ad04e90 code [0x0000028a2ad05060, 0x0000028a2ad05448]
Event: 0.689 Thread 0x0000028a3f0fb900 1401       3       javax.swing.plaf.nimbus.AbstractRegionPainter::decodeY (87 bytes)
Event: 0.689 Thread 0x0000028a3f0fb900 nmethod 1401 0x0000028a2ad05690 code [0x0000028a2ad05880, 0x0000028a2ad05d38]
Event: 0.689 Thread 0x0000028a3f0fb900 1402       3       java.lang.ThreadLocal$ThreadLocalMap::getEntry (42 bytes)
Event: 0.689 Thread 0x0000028a3f0fb900 nmethod 1402 0x0000028a2ad05e10 code [0x0000028a2ad05fe0, 0x0000028a2ad063a8]
Event: 0.689 Thread 0x0000028a3f0fb900 1407       3       java.util.HashMap::clear (50 bytes)
Event: 0.689 Thread 0x0000028a3f0fb900 nmethod 1407 0x0000028a2ad06590 code [0x0000028a2ad06740, 0x0000028a2ad06b18]
Event: 0.689 Thread 0x0000028a3f0fb900 1408       3       sun.java2d.pipe.AlphaPaintPipe::renderPathTile (491 bytes)
Event: 0.691 Thread 0x0000028a3f0fb900 nmethod 1408 0x0000028a2ad06c10 code [0x0000028a2ad06fc0, 0x0000028a2ad09370]
Event: 0.691 Thread 0x0000028a3f0fb900 1409       3       java.awt.MultipleGradientPaintContext::getRaster (110 bytes)
Event: 0.692 Thread 0x0000028a3f0fb900 nmethod 1409 0x0000028a2ad0a010 code [0x0000028a2ad0a200, 0x0000028a2ad0a9f8]
Event: 0.692 Thread 0x0000028a3f0fb900 1410       3       sun.java2d.marlin.ArrayCacheInt$Reference::doCleanRef (14 bytes)
Event: 0.692 Thread 0x0000028a3f0fb900 nmethod 1410 0x0000028a2ad0ad10 code [0x0000028a2ad0aea0, 0x0000028a2ad0b010]

GC Heap History (0 events):
No events

Dll operation events (10 events):
Event: 0.004 Loaded shared library C:\Program Files\Java\jdk-20\bin\java.dll
Event: 0.013 Loaded shared library C:\Program Files\Java\jdk-20\bin\jsvml.dll
Event: 0.051 Loaded shared library C:\Program Files\Java\jdk-20\bin\net.dll
Event: 0.052 Loaded shared library C:\Program Files\Java\jdk-20\bin\nio.dll
Event: 0.073 Loaded shared library C:\Program Files\Java\jdk-20\bin\jimage.dll
Event: 0.084 Loaded shared library C:\Program Files\Java\jdk-20\bin\awt.dll
Event: 0.170 Loaded shared library C:\Program Files\Java\jdk-20\bin\freetype.dll
Event: 0.171 Loaded shared library C:\Program Files\Java\jdk-20\bin\fontmanager.dll
Event: 0.320 Loaded shared library C:\Program Files\Java\jdk-20\bin\zip.dll
Event: 0.349 Loaded shared library C:\Program Files\Java\jdk-20\bin\javajpeg.dll

Deoptimization events (20 events):
Event: 0.653 Thread 0x0000028a442451b0 Uncommon trap: trap_request=0xffffff45 fr.pc=0x0000028a325b6c4c relative=0x00000000000000cc
Event: 0.653 Thread 0x0000028a442451b0 Uncommon trap: reason=unstable_if action=reinterpret pc=0x0000028a325b6c4c method=java.util.concurrent.locks.ReentrantLock$Sync.tryRelease(I)Z @ 26 c2
Event: 0.653 Thread 0x0000028a442451b0 DEOPT PACKING pc=0x0000028a325b6c4c sp=0x000000b956fff570
Event: 0.653 Thread 0x0000028a442451b0 DEOPT UNPACKING pc=0x0000028a32039d22 sp=0x000000b956fff510 mode 2
Event: 0.658 Thread 0x0000028a442451b0 Uncommon trap: trap_request=0xffffff45 fr.pc=0x0000028a325b5c40 relative=0x0000000000000040
Event: 0.658 Thread 0x0000028a442451b0 Uncommon trap: reason=unstable_if action=reinterpret pc=0x0000028a325b5c40 method=java.util.concurrent.locks.AbstractQueuedSynchronizer.signalNext(Ljava/util/concurrent/locks/AbstractQueuedSynchronizer$Node;)V @ 1 c2
Event: 0.658 Thread 0x0000028a442451b0 DEOPT PACKING pc=0x0000028a325b5c40 sp=0x000000b956fff630
Event: 0.658 Thread 0x0000028a442451b0 DEOPT UNPACKING pc=0x0000028a32039d22 sp=0x000000b956fff5c0 mode 2
Event: 0.659 Thread 0x0000028a437f3050 DEOPT PACKING pc=0x0000028a2acb17b6 sp=0x000000b9564fcf50
Event: 0.660 Thread 0x0000028a437f3050 DEOPT UNPACKING pc=0x0000028a3203a4c2 sp=0x000000b9564fc3e0 mode 0
Event: 0.663 Thread 0x0000028a437f3050 DEOPT PACKING pc=0x0000028a2acb17b6 sp=0x000000b9564fcf50
Event: 0.663 Thread 0x0000028a437f3050 DEOPT UNPACKING pc=0x0000028a3203a4c2 sp=0x000000b9564fc3e0 mode 0
Event: 0.669 Thread 0x0000028a437f3050 DEOPT PACKING pc=0x0000028a2acba421 sp=0x000000b9564fd020
Event: 0.669 Thread 0x0000028a437f3050 DEOPT UNPACKING pc=0x0000028a3203a4c2 sp=0x000000b9564fc4d8 mode 0
Event: 0.670 Thread 0x0000028a437f3050 DEOPT PACKING pc=0x0000028a2acba421 sp=0x000000b9564fd020
Event: 0.670 Thread 0x0000028a437f3050 DEOPT UNPACKING pc=0x0000028a3203a4c2 sp=0x000000b9564fc4d8 mode 0
Event: 0.671 Thread 0x0000028a437f3050 DEOPT PACKING pc=0x0000028a2acba421 sp=0x000000b9564fd020
Event: 0.671 Thread 0x0000028a437f3050 DEOPT UNPACKING pc=0x0000028a3203a4c2 sp=0x000000b9564fc4d8 mode 0
Event: 0.673 Thread 0x0000028a437f3050 DEOPT PACKING pc=0x0000028a2aca1e32 sp=0x000000b9564fcfd0
Event: 0.673 Thread 0x0000028a437f3050 DEOPT UNPACKING pc=0x0000028a3203a4c2 sp=0x000000b9564fc480 mode 0

Classes loaded (20 events):
Event: 0.655 Loading class sun/awt/WeakIdentityHashMap$WeakKey
Event: 0.655 Loading class sun/awt/WeakIdentityHashMap$WeakKey done
Event: 0.655 Loading class java/util/ArrayList$ListItr
Event: 0.655 Loading class java/util/ArrayList$ListItr done
Event: 0.655 Loading class java/awt/event/FocusEvent$Cause
Event: 0.655 Loading class java/awt/event/FocusEvent$Cause done
Event: 0.656 Loading class sun/awt/KeyboardFocusManagerPeerImpl$KfmAccessor
Event: 0.656 Loading class sun/awt/KeyboardFocusManagerPeerImpl$KfmAccessor done
Event: 0.656 Loading class java/awt/KeyboardFocusManager$HeavyweightFocusRequest
Event: 0.656 Loading class java/awt/KeyboardFocusManager$HeavyweightFocusRequest done
Event: 0.656 Loading class java/awt/DefaultKeyboardFocusManager$TypeAheadMarker
Event: 0.656 Loading class java/awt/DefaultKeyboardFocusManager$TypeAheadMarker done
Event: 0.656 Loading class java/awt/KeyboardFocusManager$LightweightFocusRequest
Event: 0.656 Loading class java/awt/KeyboardFocusManager$LightweightFocusRequest done
Event: 0.658 Loading class javax/swing/RepaintManager$3
Event: 0.658 Loading class javax/swing/RepaintManager$3 done
Event: 0.671 Loading class sun/java2d/SurfaceDataProxy$CountdownTracker
Event: 0.671 Loading class sun/java2d/SurfaceDataProxy$CountdownTracker done
Event: 0.691 Loading class java/awt/KeyboardFocusManager$3
Event: 0.691 Loading class java/awt/KeyboardFocusManager$3 done

Classes unloaded (0 events):
No events

Classes redefined (0 events):
No events

Internal exceptions (20 events):
Event: 0.195 Thread 0x0000028a229d95c0 Exception <a 'java/lang/ClassNotFoundException'{0x0000000090c66f58}: ToggleButton> (0x0000000090c66f58) 
thrown [s\open\src\hotspot\share\classfile\systemDictionary.cpp, line 305]
Event: 0.195 Thread 0x0000028a229d95c0 Exception <a 'java/lang/ClassNotFoundException'{0x0000000090c67398}: javax/swing/JToolBarSeparator> (0x0000000090c67398) 
thrown [s\open\src\hotspot\share\classfile\systemDictionary.cpp, line 305]
Event: 0.195 Thread 0x0000028a229d95c0 Exception <a 'java/lang/ClassNotFoundException'{0x0000000090c676a8}: ToolBarSeparator> (0x0000000090c676a8) 
thrown [s\open\src\hotspot\share\classfile\systemDictionary.cpp, line 305]
Event: 0.195 Thread 0x0000028a229d95c0 Exception <a 'java/lang/ClassNotFoundException'{0x0000000090c67bb0}: ToolTip> (0x0000000090c67bb0) 
thrown [s\open\src\hotspot\share\classfile\systemDictionary.cpp, line 305]
Event: 0.196 Thread 0x0000028a229d95c0 Exception <a 'java/lang/ClassNotFoundException'{0x0000000090c684f0}: Tree> (0x0000000090c684f0) 
thrown [s\open\src\hotspot\share\classfile\systemDictionary.cpp, line 305]
Event: 0.196 Thread 0x0000028a229d95c0 Exception <a 'java/lang/ClassNotFoundException'{0x0000000090c689e8}: Tree> (0x0000000090c689e8) 
thrown [s\open\src\hotspot\share\classfile\systemDictionary.cpp, line 305]
Event: 0.196 Thread 0x0000028a229d95c0 Exception <a 'java/lang/ClassNotFoundException'{0x0000000090c68d58}: javax/swing/JTreeCell> (0x0000000090c68d58) 
thrown [s\open\src\hotspot\share\classfile\systemDictionary.cpp, line 305]
Event: 0.196 Thread 0x0000028a229d95c0 Exception <a 'java/lang/ClassNotFoundException'{0x0000000090c69060}: TreeCell> (0x0000000090c69060) 
thrown [s\open\src\hotspot\share\classfile\systemDictionary.cpp, line 305]
Event: 0.196 Thread 0x0000028a229d95c0 Exception <a 'java/lang/ClassNotFoundException'{0x0000000090c69808}: RootPane> (0x0000000090c69808) 
thrown [s\open\src\hotspot\share\classfile\systemDictionary.cpp, line 305]
Event: 0.197 Thread 0x0000028a229d95c0 Exception <a 'java/lang/ClassNotFoundException'{0x0000000090c6c5b0}: com/sun/swing/internal/plaf/metal/resources/spi/metalProvider> (0x0000000090c6c5b0) 
thrown [s\open\src\hotspot\share\classfile\systemDictionary.cpp, line 305]
Event: 0.198 Thread 0x0000028a229d95c0 Exception <a 'java/lang/ClassNotFoundException'{0x0000000090c702b0}: com/sun/swing/internal/plaf/basic/resources/spi/basicProvider> (0x0000000090c702b0) 
thrown [s\open\src\hotspot\share\classfile\systemDictionary.cpp, line 305]
Event: 0.246 Thread 0x0000028a437f3050 Exception <a 'java/lang/ClassNotFoundException'{0x0000000090b01b78}: com/sun/swing/internal/plaf/synth/resources/spi/synthProvider> (0x0000000090b01b78) 
thrown [s\open\src\hotspot\share\classfile\systemDictionary.cpp, line 305]
Event: 0.258 Thread 0x0000028a437f3050 Exception <a 'java/lang/NoSuchMethodError'{0x0000000090b44bc8}: 'int java.lang.invoke.Invokers$Holder.invokeExact_MT(java.lang.Object, java.lang.Object)'> (0x0000000090b44bc8) 
thrown [s\open\src\hotspot\share\interpreter\linkResolver.cpp, line 773]
Event: 0.260 Thread 0x0000028a437f3050 Exception <a 'java/lang/NoSuchMethodError'{0x0000000090b4adc0}: 'java.lang.Object java.lang.invoke.DirectMethodHandle$Holder.newInvokeSpecial(java.lang.Object, java.lang.Object, int)'> (0x0000000090b4adc0) 
thrown [s\open\src\hotspot\share\interpreter\linkResolver.cpp, line 773]
Event: 0.261 Thread 0x0000028a437f3050 Exception <a 'java/lang/NoSuchMethodError'{0x0000000090b4fc70}: 'int java.lang.invoke.DirectMethodHandle$Holder.invokeSpecial(java.lang.Object, java.lang.Object, java.lang.Object, int)'> (0x0000000090b4fc70) 
thrown [s\open\src\hotspot\share\interpreter\linkResolver.cpp, line 773]
Event: 0.263 Thread 0x0000028a437f3050 Exception <a 'java/lang/NoSuchMethodError'{0x0000000090b62290}: 'java.lang.Object java.lang.invoke.DirectMethodHandle$Holder.invokeStatic(java.lang.Object, java.lang.Object, java.lang.Object, java.lang.Object, int)'> (0x0000000090b62290) 
thrown [s\open\src\hotspot\share\interpreter\linkResolver.cpp, line 773]
Event: 0.263 Thread 0x0000028a437f3050 Exception <a 'java/lang/NoSuchMethodError'{0x0000000090b6a688}: 'int java.lang.invoke.DirectMethodHandle$Holder.invokeSpecial(java.lang.Object, java.lang.Object, java.lang.Object)'> (0x0000000090b6a688) 
thrown [s\open\src\hotspot\share\interpreter\linkResolver.cpp, line 773]
Event: 0.350 Thread 0x0000028a448306c0 Exception <a 'java/lang/NoSuchMethodError'{0x00000000908151e0}: 'java.lang.Object java.lang.invoke.DirectMethodHandle$Holder.newInvokeSpecial(java.lang.Object, java.lang.Object, java.lang.Object, int, int, int, int, int)'> (0x00000000908151e0) 
thrown [s\open\src\hotspot\share\interpreter\linkResolver.cpp, line 773]
Event: 0.447 Thread 0x0000028a4375d300 Exception <a 'java/lang/NoSuchMethodError'{0x0000000090efb780}: 'void java.lang.invoke.DirectMethodHandle$Holder.invokeVirtual(java.lang.Object, java.lang.Object)'> (0x0000000090efb780) 
thrown [s\open\src\hotspot\share\interpreter\linkResolver.cpp, line 773]
Event: 0.458 Thread 0x0000028a437f3050 Exception <a 'java/lang/NoSuchMethodError'{0x0000000090a348c0}: 'void java.lang.invoke.DirectMethodHandle$Holder.invokeStaticInit(java.lang.Object)'> (0x0000000090a348c0) 
thrown [s\open\src\hotspot\share\interpreter\linkResolver.cpp, line 773]

VM Operations (20 events):
Event: 0.055 Executing VM operation: HandshakeAllThreads
Event: 0.055 Executing VM operation: HandshakeAllThreads done
Event: 0.101 Executing VM operation: HandshakeAllThreads
Event: 0.101 Executing VM operation: HandshakeAllThreads done
Event: 0.288 Executing VM operation: HandshakeAllThreads
Event: 0.288 Executing VM operation: HandshakeAllThreads done
Event: 0.305 Executing VM operation: HandshakeAllThreads
Event: 0.305 Executing VM operation: HandshakeAllThreads done
Event: 0.340 Executing VM operation: HandshakeAllThreads
Event: 0.340 Executing VM operation: HandshakeAllThreads done
Event: 0.488 Executing VM operation: HandshakeAllThreads
Event: 0.488 Executing VM operation: HandshakeAllThreads done
Event: 0.490 Executing VM operation: HandshakeAllThreads
Event: 0.490 Executing VM operation: HandshakeAllThreads done
Event: 0.532 Executing VM operation: ICBufferFull
Event: 0.532 Executing VM operation: ICBufferFull done
Event: 0.570 Executing VM operation: HandshakeAllThreads
Event: 0.570 Executing VM operation: HandshakeAllThreads done
Event: 0.655 Executing VM operation: HandshakeAllThreads
Event: 0.655 Executing VM operation: HandshakeAllThreads done

Events (19 events):
Event: 0.013 Thread 0x0000028a229d95c0 Thread added: 0x0000028a229d95c0
Event: 0.024 Thread 0x0000028a3f0ba980 Thread added: 0x0000028a3f0ba980
Event: 0.024 Thread 0x0000028a3f0bc430 Thread added: 0x0000028a3f0bc430
Event: 0.024 Thread 0x0000028a3f0c0020 Thread added: 0x0000028a3f0c0020
Event: 0.024 Thread 0x0000028a3f0c0960 Thread added: 0x0000028a3f0c0960
Event: 0.025 Thread 0x0000028a3f0c1ab0 Thread added: 0x0000028a3f0c1ab0
Event: 0.025 Thread 0x0000028a3f0c4400 Thread added: 0x0000028a3f0c4400
Event: 0.025 Thread 0x0000028a3f0d2b60 Thread added: 0x0000028a3f0d2b60
Event: 0.025 Thread 0x0000028a3f0fb900 Thread added: 0x0000028a3f0fb900
Event: 0.043 Thread 0x0000028a434acf60 Thread added: 0x0000028a434acf60
Event: 0.063 Thread 0x0000028a435c23e0 Thread added: 0x0000028a435c23e0
Event: 0.119 Thread 0x0000028a43758850 Thread added: 0x0000028a43758850
Event: 0.120 Thread 0x0000028a43758da0 Thread added: 0x0000028a43758da0
Event: 0.121 Thread 0x0000028a4375d300 Thread added: 0x0000028a4375d300
Event: 0.205 Thread 0x0000028a437f3050 Thread added: 0x0000028a437f3050
Event: 0.205 Thread 0x0000028a229d95c0 Thread exited: 0x0000028a229d95c0
Event: 0.205 Thread 0x0000028a229d95c0 Thread added: 0x0000028a229d95c0
Event: 0.310 Thread 0x0000028a448306c0 Thread added: 0x0000028a448306c0
Event: 0.563 Thread 0x0000028a442451b0 Thread added: 0x0000028a442451b0


Dynamic libraries:
0x00007ff665cc0000 - 0x00007ff665cd0000 	C:\Program Files\Java\jdk-20\bin\java.exe
0x00007ffe220d0000 - 0x00007ffe222c8000 	C:\Windows\SYSTEM32\ntdll.dll
0x00007ffe21530000 - 0x00007ffe215ef000 	C:\Windows\System32\KERNEL32.DLL
0x00007ffe1fb40000 - 0x00007ffe1fe12000 	C:\Windows\System32\KERNELBASE.dll
0x00007ffe1fef0000 - 0x00007ffe1fff0000 	C:\Windows\System32\ucrtbase.dll
0x00007ffdfd7e0000 - 0x00007ffdfd7f9000 	C:\Program Files\Java\jdk-20\bin\jli.dll
0x00007ffdfec70000 - 0x00007ffdfec8b000 	C:\Program Files\Java\jdk-20\bin\VCRUNTIME140.dll
0x00007ffe20150000 - 0x00007ffe201fe000 	C:\Windows\System32\ADVAPI32.dll
0x00007ffe21490000 - 0x00007ffe2152e000 	C:\Windows\System32\msvcrt.dll
0x00007ffe21380000 - 0x00007ffe2141c000 	C:\Windows\System32\sechost.dll
0x00007ffe21b30000 - 0x00007ffe21c55000 	C:\Windows\System32\RPCRT4.dll
0x00007ffe20560000 - 0x00007ffe20701000 	C:\Windows\System32\USER32.dll
0x00007ffe0ed90000 - 0x00007ffe0f02a000 	C:\Windows\WinSxS\amd64_microsoft.windows.common-controls_6595b64144ccf1df_6.0.19041.1110_none_60b5254171f9507e\COMCTL32.dll
0x00007ffe1fec0000 - 0x00007ffe1fee2000 	C:\Windows\System32\win32u.dll
0x00007ffe21720000 - 0x00007ffe2174b000 	C:\Windows\System32\GDI32.dll
0x00007ffe1f950000 - 0x00007ffe1fa5f000 	C:\Windows\System32\gdi32full.dll
0x00007ffe1fe20000 - 0x00007ffe1febd000 	C:\Windows\System32\msvcp_win.dll
0x00007ffe15000000 - 0x00007ffe1500a000 	C:\Windows\SYSTEM32\VERSION.dll
0x00007ffe20bf0000 - 0x00007ffe20c22000 	C:\Windows\System32\IMM32.DLL
0x00007ffdfe680000 - 0x00007ffdfe68c000 	C:\Program Files\Java\jdk-20\bin\vcruntime140_1.dll
0x00007ffded6c0000 - 0x00007ffded74e000 	C:\Program Files\Java\jdk-20\bin\msvcp140.dll
0x00007ffdea7e0000 - 0x00007ffdeb477000 	C:\Program Files\Java\jdk-20\bin\server\jvm.dll
0x00007ffe03b90000 - 0x00007ffe03b99000 	C:\Windows\SYSTEM32\WSOCK32.dll
0x00007ffe14fd0000 - 0x00007ffe14ff7000 	C:\Windows\SYSTEM32\WINMM.dll
0x00007ffe21420000 - 0x00007ffe2148b000 	C:\Windows\System32\WS2_32.dll
0x00007ffe1d700000 - 0x00007ffe1d712000 	C:\Windows\SYSTEM32\kernel.appcore.dll
0x00007ffdfe670000 - 0x00007ffdfe67a000 	C:\Program Files\Java\jdk-20\bin\jimage.dll
0x00007ffe1a020000 - 0x00007ffe1a204000 	C:\Windows\SYSTEM32\DBGHELP.DLL
0x00007ffe08e60000 - 0x00007ffe08e95000 	C:\Windows\SYSTEM32\dbgcore.DLL
0x00007ffe1f800000 - 0x00007ffe1f882000 	C:\Windows\System32\bcryptPrimitives.dll
0x00007ffdfe570000 - 0x00007ffdfe596000 	C:\Program Files\Java\jdk-20\bin\java.dll
0x00007ffdfd800000 - 0x00007ffdfd8d7000 	C:\Program Files\Java\jdk-20\bin\jsvml.dll
0x00007ffe20c30000 - 0x00007ffe21374000 	C:\Windows\System32\SHELL32.dll
0x00007ffe1d900000 - 0x00007ffe1e092000 	C:\Windows\SYSTEM32\windows.storage.dll
0x00007ffe20200000 - 0x00007ffe20555000 	C:\Windows\System32\combase.dll
0x00007ffe1f180000 - 0x00007ffe1f1b0000 	C:\Windows\SYSTEM32\Wldp.dll
0x00007ffe22020000 - 0x00007ffe220cd000 	C:\Windows\System32\SHCORE.dll
0x00007ffe21ad0000 - 0x00007ffe21b25000 	C:\Windows\System32\shlwapi.dll
0x00007ffe1f740000 - 0x00007ffe1f75f000 	C:\Windows\SYSTEM32\profapi.dll
0x00007ffdfe4b0000 - 0x00007ffdfe4c3000 	C:\Program Files\Java\jdk-20\bin\net.dll
0x00007ffe18af0000 - 0x00007ffe18bfc000 	C:\Windows\SYSTEM32\WINHTTP.dll
0x00007ffe1eee0000 - 0x00007ffe1ef4a000 	C:\Windows\system32\mswsock.dll
0x00007ffdfdf00000 - 0x00007ffdfdf16000 	C:\Program Files\Java\jdk-20\bin\nio.dll
0x00007ffdedc10000 - 0x00007ffdedda1000 	C:\Program Files\Java\jdk-20\bin\awt.dll
0x00007ffe21a00000 - 0x00007ffe21acd000 	C:\Windows\System32\OLEAUT32.dll
0x00007ffe1d120000 - 0x00007ffe1d1b1000 	C:\Windows\SYSTEM32\apphelp.dll
0x00007ffe1d260000 - 0x00007ffe1d2fe000 	C:\Windows\system32\uxtheme.dll
0x00007ffe21cc0000 - 0x00007ffe21dd5000 	C:\Windows\System32\MSCTF.dll
0x00007ffe215f0000 - 0x00007ffe2171a000 	C:\Windows\System32\ole32.dll
0x00007ffe1d5f0000 - 0x00007ffe1d61f000 	C:\Windows\system32\DWMAPI.DLL
0x00007ffded630000 - 0x00007ffded6b6000 	C:\Program Files\Java\jdk-20\bin\freetype.dll
0x00007ffdec5e0000 - 0x00007ffdec6a6000 	C:\Program Files\Java\jdk-20\bin\fontmanager.dll
0x00007ffdf8eb0000 - 0x00007ffdf8fd5000 	C:\Windows\system32\opengl32.dll
0x00007ffdfd1d0000 - 0x00007ffdfd1fc000 	C:\Windows\SYSTEM32\GLU32.dll
0x00007ffdfbf20000 - 0x00007ffdfc0ee000 	C:\Windows\system32\d3d9.dll
0x00007ffe15050000 - 0x00007ffe1520b000 	C:\Windows\System32\DriverStore\FileRepository\u0393367.inf_amd64_6fba1387e8658583\B393268\aticfx64.dll
0x00007ffdfc7d0000 - 0x00007ffdfc804000 	C:\Windows\System32\DriverStore\FileRepository\u0393367.inf_amd64_6fba1387e8658583\B393268\atiu9p64.dll
0x00007ffde9a80000 - 0x00007ffdea7d5000 	C:\Windows\System32\DriverStore\FileRepository\u0393367.inf_amd64_6fba1387e8658583\B393268\atiumd64.dll
0x0000000065740000 - 0x0000000066652000 	C:\Windows\System32\DriverStore\FileRepository\u0393367.inf_amd64_6fba1387e8658583\B393268\atiumd6a.dll
0x00007ffe20720000 - 0x00007ffe20b88000 	C:\Windows\System32\SETUPAPI.dll
0x00007ffe1f890000 - 0x00007ffe1f8de000 	C:\Windows\System32\cfgmgr32.dll
0x00007ffe1f5c0000 - 0x00007ffe1f60b000 	C:\Windows\SYSTEM32\POWRPROF.dll
0x00007ffe1fa60000 - 0x00007ffe1fa87000 	C:\Windows\System32\bcrypt.dll
0x00007ffe1f5a0000 - 0x00007ffe1f5b2000 	C:\Windows\SYSTEM32\UMPDC.dll
0x00007ffe126a0000 - 0x00007ffe126d5000 	C:\Windows\SYSTEM32\amdihk64.dll
0x00007ffe15290000 - 0x00007ffe152cb000 	C:\Windows\SYSTEM32\dxcore.dll
0x00007ffdfdee0000 - 0x00007ffdfdef8000 	C:\Program Files\Java\jdk-20\bin\zip.dll
0x00007ffdff8f0000 - 0x00007ffdff91e000 	C:\Program Files\Java\jdk-20\bin\javajpeg.dll
0x00007ffe21e70000 - 0x00007ffe21f1f000 	C:\Windows\System32\clbcatq.dll
0x00007ffe188b0000 - 0x00007ffe18a64000 	C:\Windows\SYSTEM32\WindowsCodecs.dll
0x00007ffe09440000 - 0x00007ffe0947e000 	C:\Windows\system32\dataexchange.dll
0x00007ffe1c4d0000 - 0x00007ffe1c6b3000 	C:\Windows\system32\dcomp.dll
0x00007ffe1b560000 - 0x00007ffe1b7c3000 	C:\Windows\system32\d3d11.dll
0x00007ffe1e0e0000 - 0x00007ffe1e1d3000 	C:\Windows\system32\dxgi.dll
0x00007ffe19750000 - 0x00007ffe19950000 	C:\Windows\system32\twinapi.appcore.dll
0x00007ffe19ac0000 - 0x00007ffe19bb9000 	C:\Windows\SYSTEM32\textinputframework.dll
0x00007ffe1ce40000 - 0x00007ffe1cf32000 	C:\Windows\System32\CoreMessaging.dll
0x00007ffe1cae0000 - 0x00007ffe1ce3e000 	C:\Windows\System32\CoreUIComponents.dll
0x00007ffe1c370000 - 0x00007ffe1c4c4000 	C:\Windows\SYSTEM32\wintypes.dll
0x00007ffe1e920000 - 0x00007ffe1e953000 	C:\Windows\SYSTEM32\ntmarta.dll

dbghelp: loaded successfully - version: 4.0.5 - missing functions: none
symbol engine: initialized successfully - sym options: 0x614 - pdb path: .;C:\Program Files\Java\jdk-20\bin;C:\Windows\SYSTEM32;C:\Windows\WinSxS\amd64_microsoft.windows.common-controls_6595b64144ccf1df_6.0.19041.1110_none_60b5254171f9507e;C:\Program Files\Java\jdk-20\bin\server;C:\Windows\System32\DriverStore\FileRepository\u0393367.inf_amd64_6fba1387e8658583\B393268

VM Arguments:
jvm_args: -Dfile.encoding=UTF-8 -Djava.security.policy=applet.policy --module-path=C:\Users\James\Documents\NetBeansProjects\JavaApplication1\build\classes 
java_command: javaapplication1.BuyAGame
java_class_path (initial): C:\Users\James\Documents\NetBeansProjects\JavaApplication1\build\classes
Launcher Type: SUN_STANDARD

[Global flags]
     intx CICompilerCount                          = 4                                         {product} {ergonomic}
     uint ConcGCThreads                            = 2                                         {product} {ergonomic}
     uint G1ConcRefinementThreads                  = 8                                         {product} {ergonomic}
   size_t G1HeapRegionSize                         = 1048576                                   {product} {ergonomic}
    uintx GCDrainStackTargetSize                   = 64                                        {product} {ergonomic}
   size_t InitialHeapSize                          = 125829120                                 {product} {ergonomic}
   size_t MarkStackSize                            = 4194304                                   {product} {ergonomic}
   size_t MaxHeapSize                              = 1986002944                                {product} {ergonomic}
   size_t MaxNewSize                               = 1191182336                                {product} {ergonomic}
   size_t MinHeapDeltaBytes                        = 1048576                                   {product} {ergonomic}
   size_t MinHeapSize                              = 8388608                                   {product} {ergonomic}
    uintx NonNMethodCodeHeapSize                   = 5839372                                {pd product} {ergonomic}
    uintx NonProfiledCodeHeapSize                  = 122909434                              {pd product} {ergonomic}
    uintx ProfiledCodeHeapSize                     = 122909434                              {pd product} {ergonomic}
    uintx ReservedCodeCacheSize                    = 251658240                              {pd product} {ergonomic}
     bool SegmentedCodeCache                       = true                                      {product} {ergonomic}
   size_t SoftMaxHeapSize                          = 1986002944                             {manageable} {ergonomic}
     bool UseCompressedClassPointers               = true                           {product lp64_product} {ergonomic}
     bool UseCompressedOops                        = true                           {product lp64_product} {ergonomic}
     bool UseG1GC                                  = true                                      {product} {ergonomic}
     bool UseLargePagesIndividualAllocation        = false                                  {pd product} {ergonomic}

Logging:
Log output configuration:
 #0: stdout all=warning uptime,level,tags foldmultilines=false
 #1: stderr all=off uptime,level,tags foldmultilines=false

Environment Variables:
PATH=C:\Program Files\Common Files\Oracle\Java\javapath;C:\Program Files (x86)\Common Files\Oracle\Java\javapath;C:\Windows\system32;C:\Windows;C:\Windows\System32\Wbem;C:\Windows\System32\WindowsPowerShell\v1.0\;C:\Program Files\Microsoft SQL Server\150\Tools\Binn\;C:\Program Files\Microsoft SQL Server\Client SDK\ODBC\170\Tools\Binn\;C:\Program Files\dotnet\;C:\Users\James\AppData\Local\Microsoft\WindowsApps;;C:\Program Files\JetBrains\IntelliJ IDEA Community Edition 2023.1.3\bin;;C:\Users\James\AppData\Local\Programs\Microsoft VS Code\bin;C:\Users\James\.dotnet\tools
USERNAME=James
OS=Windows_NT
PROCESSOR_IDENTIFIER=AMD64 Family 23 Model 96 Stepping 1, AuthenticAMD
TMP=C:\Users\James\AppData\Local\Temp
TEMP=C:\Users\James\AppData\Local\Temp




---------------  S Y S T E M  ---------------

OS:
 Windows 10 , 64 bit Build 19041 (10.0.19041.2364)
OS uptime: 3 days 10:26 hours

CPU: total 8 (initial active 8) (8 cores per cpu, 2 threads per core) family 23 model 96 stepping 1 microcode 0x0, cx8, cmov, fxsr, ht, mmx, 3dnowpref, sse, sse2, sse3, ssse3, sse4a, sse4.1, sse4.2, popcnt, lzcnt, tsc, tscinvbit, avx, avx2, aes, clmul, bmi1, bmi2, adx, sha, fma, vzeroupper, clflush, clflushopt, rdtscp, rdpid, f16c

Memory: 4k page, system-wide physical 7569M (1177M free)
TotalPageFile size 23013M (AvailPageFile size 5M)
current process WorkingSet (physical memory assigned to process): 126M, peak: 126M
current process commit charge ("private bytes"): 276M, peak: 279M

vm_info: Java HotSpot(TM) 64-Bit Server VM (20.0.1+9-29) for windows-amd64 JRE (20.0.1+9-29), built on 2023-03-07T13:56:11Z by "mach5one" with MS VC++ 17.1 (VS2022)

END.
